"../../../Engine/Plugins/2D/Paper2D/Content/PlaceholderTextures/DummySpriteTexture.ubulk" 0
"../../../Engine/Plugins/2D/Paper2D/Content/PlaceholderTextures/DummySpriteTexture.uasset" 1
"../../../Engine/Plugins/2D/Paper2D/Content/PlaceholderTextures/DummySpriteTexture.uexp" 2
"../../../Engine/Plugins/2D/Paper2D/Content/DummySprite.uasset" 3
"../../../Engine/Plugins/2D/Paper2D/Content/DummySprite.uexp" 4
"../../../Engine/Plugins/2D/Paper2D/Content/DefaultPaperTerrainMaterial.uasset" 5
"../../../Engine/Plugins/2D/Paper2D/Content/DefaultPaperTerrainMaterial.uexp" 6
"../../../Engine/Plugins/Animation/ACLPlugin/Content/ACLAnimCurveCompressionSettings.uasset" 7
"../../../Engine/Plugins/Animation/ACLPlugin/Content/ACLAnimCurveCompressionSettings.uexp" 8
"../../../Engine/Plugins/Animation/ACLPlugin/Content/ACLAnimBoneCompressionSettings.uasset" 9
"../../../Engine/Plugins/Animation/ACLPlugin/Content/ACLAnimBoneCompressionSettings.uexp" 10
"../../../Engine/Content/Animation/DefaultVariableFrameStrippingSettings.uasset" 11
"../../../Engine/Content/Animation/DefaultVariableFrameStrippingSettings.uexp" 12
"../../../Engine/Content/Animation/DefaultRecorderBoneCompression.uasset" 13
"../../../Engine/Content/Animation/DefaultRecorderBoneCompression.uexp" 14
"../../../Engine/Content/EngineMaterials/DefaultPhysicalMaterial.uasset" 15
"../../../Engine/Content/EngineMaterials/DefaultPhysicalMaterial.uexp" 16
"../../../Engine/Content/EngineMaterials/DefaultDestructiblePhysicalMaterial.uasset" 17
"../../../Engine/Content/EngineMaterials/DefaultDestructiblePhysicalMaterial.uexp" 18
"../../../Engine/Content/EngineFonts/Faces/DroidSansFallback.uexp" 19
"../../../Engine/Content/EngineFonts/Faces/DroidSansFallback.uasset" 20
"../../../Engine/Content/EngineFonts/Faces/DroidSansFallback.ufont" 21
"../../../Engine/Content/EngineFonts/Faces/RobotoBold.uexp" 22
"../../../Engine/Content/EngineFonts/Faces/RobotoBold.uasset" 23
"../../../Engine/Content/EngineFonts/Faces/RobotoBold.ufont" 24
"../../../Engine/Content/EngineFonts/Faces/RobotoBoldItalic.uexp" 25
"../../../Engine/Content/EngineFonts/Faces/RobotoBoldItalic.uasset" 26
"../../../Engine/Content/EngineFonts/Faces/RobotoBoldItalic.ufont" 27
"../../../Engine/Content/EngineFonts/Faces/RobotoItalic.uexp" 28
"../../../Engine/Content/EngineFonts/Faces/RobotoItalic.uasset" 29
"../../../Engine/Content/EngineFonts/Faces/RobotoItalic.ufont" 30
"../../../Engine/Content/EngineFonts/Faces/RobotoLight.uexp" 31
"../../../Engine/Content/EngineFonts/Faces/RobotoLight.uasset" 32
"../../../Engine/Content/EngineFonts/Faces/RobotoLight.ufont" 33
"../../../Engine/Content/EngineFonts/Faces/RobotoRegular.uexp" 34
"../../../Engine/Content/EngineFonts/Faces/RobotoRegular.uasset" 35
"../../../Engine/Content/EngineFonts/Faces/RobotoRegular.ufont" 36
"../../../Engine/Content/EngineFonts/Roboto.uasset" 37
"../../../Engine/Content/EngineFonts/Roboto.uexp" 38
"../../../Engine/Content/EngineFonts/Faces/DroidSansMono.uexp" 39
"../../../Engine/Content/EngineFonts/Faces/DroidSansMono.uasset" 40
"../../../Engine/Content/EngineFonts/Faces/DroidSansMono.ufont" 41
"../../../Engine/Content/EngineFonts/DroidSansMono.uasset" 42
"../../../Engine/Content/EngineFonts/DroidSansMono.uexp" 43
"../../../Engine/Plugins/Animation/ControlRig/Content/Controls/DefaultGizmoLibraryNormalized.uasset" 44
"../../../Engine/Plugins/Animation/ControlRig/Content/Controls/DefaultGizmoLibraryNormalized.uexp" 45
"../../../Engine/Content/EngineSounds/Master.uasset" 46
"../../../Engine/Content/EngineSounds/Master.uexp" 47
"C:/Users/Xande/Documents/GitHub/FishTowerDefenseGame/Content/MyContent/Blueprints/Touch.uasset" 48
"C:/Users/Xande/Documents/GitHub/FishTowerDefenseGame/Content/MyContent/Blueprints/Touch.uexp" 49
"../../../Engine/Content/EngineResources/GradientTexture0.uasset" 50
"../../../Engine/Content/EngineResources/GradientTexture0.uexp" 51
"../../../Engine/Content/EngineResources/Black.uasset" 52
"../../../Engine/Content/EngineResources/Black.uexp" 53
"../../../Engine/Content/EditorResources/S_Actor.ubulk" 54
"../../../Engine/Content/EditorResources/S_Actor.uasset" 55
"../../../Engine/Content/EditorResources/S_Actor.uexp" 56
"../../../Engine/Content/EditorResources/S_Trigger.ubulk" 57
"../../../Engine/Content/EditorResources/S_Trigger.uasset" 58
"../../../Engine/Content/EditorResources/S_Trigger.uexp" 59
"../../../Engine/Content/EditorResources/S_BoxReflectionCapture.uasset" 60
"../../../Engine/Content/EditorResources/S_BoxReflectionCapture.uexp" 61
"../../../Engine/Content/EngineResources/DefaultTexture.ubulk" 62
"../../../Engine/Content/EngineResources/DefaultTexture.uasset" 63
"../../../Engine/Content/EngineResources/DefaultTexture.uexp" 64
"../../../Engine/Content/EditorResources/S_TriggerBox.uasset" 65
"../../../Engine/Content/EditorResources/S_TriggerBox.uexp" 66
"../../../Engine/Content/EditorResources/S_TriggerCapsule.uasset" 67
"../../../Engine/Content/EditorResources/S_TriggerCapsule.uexp" 68
"../../../Engine/Content/EditorResources/S_TriggerSphere.uasset" 69
"../../../Engine/Content/EditorResources/S_TriggerSphere.uexp" 70
"../../../Engine/Content/EngineMeshes/Sphere.ubulk" 71
"../../../Engine/Content/EngineMeshes/Sphere.uasset" 72
"../../../Engine/Content/EngineMeshes/Sphere.uexp" 73
"../../../Engine/Content/EngineResources/DefaultTextureCube.uasset" 74
"../../../Engine/Content/EngineResources/DefaultTextureCube.uexp" 75
"../../../Engine/Content/EngineResources/DefaultVolumeTexture2D.uasset" 76
"../../../Engine/Content/EngineResources/DefaultVolumeTexture2D.uexp" 77
"../../../Engine/Content/EngineResources/DefaultVolumeTexture.uasset" 78
"../../../Engine/Content/EngineResources/DefaultVolumeTexture.uexp" 79
"../../../Engine/Plugins/2D/Paper2D/Content/DefaultSpriteMaterial.uasset" 80
"../../../Engine/Plugins/2D/Paper2D/Content/DefaultSpriteMaterial.uexp" 81
"../../../Engine/Plugins/2D/Paper2D/Content/OpaqueUnlitSpriteMaterial.uasset" 82
"../../../Engine/Plugins/2D/Paper2D/Content/OpaqueUnlitSpriteMaterial.uexp" 83
"../../../Engine/Plugins/2D/Paper2D/Content/MaskedUnlitSpriteMaterial.uasset" 84
"../../../Engine/Plugins/2D/Paper2D/Content/MaskedUnlitSpriteMaterial.uexp" 85
"../../../Engine/Content/EngineMaterials/T_Default_Material_Grid_M.ubulk" 86
"../../../Engine/Content/EngineMaterials/T_Default_Material_Grid_M.uasset" 87
"../../../Engine/Content/EngineMaterials/T_Default_Material_Grid_M.uexp" 88
"../../../Engine/Content/Functions/Engine_MaterialFunctions01/Opacity/CameraDepthFade.uasset" 89
"../../../Engine/Content/Functions/Engine_MaterialFunctions01/Opacity/CameraDepthFade.uexp" 90
"../../../Engine/Content/EngineMaterials/T_Default_Material_Grid_N.ubulk" 91
"../../../Engine/Content/EngineMaterials/T_Default_Material_Grid_N.uasset" 92
"../../../Engine/Content/EngineMaterials/T_Default_Material_Grid_N.uexp" 93
"../../../Engine/Content/EngineMaterials/WorldGridMaterial.uasset" 94
"../../../Engine/Content/EngineMaterials/WorldGridMaterial.uexp" 95
"../../../Engine/Plugins/Media/MediaPlate/Content/SM_MediaPlateScreen.ubulk" 96
"../../../Engine/Plugins/Media/MediaPlate/Content/SM_MediaPlateScreen.uasset" 97
"../../../Engine/Plugins/Media/MediaPlate/Content/SM_MediaPlateScreen.uexp" 98
"../../../Engine/Content/Functions/Engine_MaterialFunctions02/WorldPositionOffset/CameraOffset.uasset" 99
"../../../Engine/Content/Functions/Engine_MaterialFunctions02/WorldPositionOffset/CameraOffset.uexp" 100
"../../../Engine/Plugins/Animation/ControlRig/Content/M_Manip.uasset" 101
"../../../Engine/Plugins/Animation/ControlRig/Content/M_Manip.uexp" 102
"../../../Engine/Content/EngineMaterials/DefaultMaterial.uasset" 103
"../../../Engine/Content/EngineMaterials/DefaultMaterial.uexp" 104
"../../../Engine/Content/BasicShapes/Sphere.ubulk" 105
"../../../Engine/Content/BasicShapes/Sphere.uasset" 106
"../../../Engine/Content/BasicShapes/Sphere.uexp" 107
"../../../Engine/Content/BasicShapes/Plane.ubulk" 108
"../../../Engine/Content/BasicShapes/Plane.uasset" 109
"../../../Engine/Content/BasicShapes/Plane.uexp" 110
"../../../Engine/Content/BasicShapes/Cylinder.ubulk" 111
"../../../Engine/Content/BasicShapes/Cylinder.uasset" 112
"../../../Engine/Content/BasicShapes/Cylinder.uexp" 113
"../../../Engine/Content/BasicShapes/Cube.ubulk" 114
"../../../Engine/Content/BasicShapes/Cube.uasset" 115
"../../../Engine/Content/BasicShapes/Cube.uexp" 116
"../../../Engine/Content/BasicShapes/Cone.ubulk" 117
"../../../Engine/Content/BasicShapes/Cone.uasset" 118
"../../../Engine/Content/BasicShapes/Cone.uexp" 119
"../../../Engine/Content/BasicShapes/BasicShapeMaterial.uasset" 120
"../../../Engine/Content/BasicShapes/BasicShapeMaterial.uexp" 121
"../../../Engine/Content/EditorLandscapeResources/SplineEditorMeshMat.uasset" 122
"../../../Engine/Content/EditorLandscapeResources/SplineEditorMeshMat.uexp" 123
"../../../Engine/Content/EditorLandscapeResources/SplineEditorMesh.ubulk" 124
"../../../Engine/Content/EditorLandscapeResources/SplineEditorMesh.uasset" 125
"../../../Engine/Content/EditorLandscapeResources/SplineEditorMesh.uexp" 126
"../../../Engine/Content/EditorLandscapeResources/WhiteSquareTexture.uasset" 127
"../../../Engine/Content/EditorLandscapeResources/WhiteSquareTexture.uexp" 128
"../../../Engine/Content/EditorLandscapeResources/DefaultAlphaTexture.uasset" 129
"../../../Engine/Content/EditorLandscapeResources/DefaultAlphaTexture.uexp" 130
"../../../Engine/Content/Functions/Engine_MaterialFunctions03/Math/WithinRangeFloat2.uasset" 131
"../../../Engine/Content/Functions/Engine_MaterialFunctions03/Math/WithinRangeFloat2.uexp" 132
"../../../Engine/Content/EditorLandscapeResources/SelectBrushMaterial.uasset" 133
"../../../Engine/Content/EditorLandscapeResources/SelectBrushMaterial.uexp" 134
"../../../Engine/Content/EditorLandscapeResources/SelectBrushMaterial_SelectedRegion.uasset" 135
"../../../Engine/Content/EditorLandscapeResources/SelectBrushMaterial_SelectedRegion.uexp" 136
"../../../Engine/Content/EditorLandscapeResources/SelectBrushMaterial_Selected.uasset" 137
"../../../Engine/Content/EditorLandscapeResources/SelectBrushMaterial_Selected.uexp" 138
"../../../Engine/Content/Functions/Engine_MaterialFunctions02/Utility/MakeFloat3.uasset" 139
"../../../Engine/Content/Functions/Engine_MaterialFunctions02/Utility/MakeFloat3.uexp" 140
"../../../Engine/Content/EditorLandscapeResources/MaskBrushMaterial.uasset" 141
"../../../Engine/Content/EditorLandscapeResources/MaskBrushMaterial.uexp" 142
"../../../Engine/Content/EditorLandscapeResources/MaskBrushMaterial_MaskedRegion.uasset" 143
"../../../Engine/Content/EditorLandscapeResources/MaskBrushMaterial_MaskedRegion.uexp" 144
"../../../Engine/Content/EditorLandscapeResources/LayerVisMaterial.uasset" 145
"../../../Engine/Content/EditorLandscapeResources/LayerVisMaterial.uexp" 146
"../../../Engine/Content/Functions/Engine_MaterialFunctions02/Utility/BreakOutFloat2Components.uasset" 147
"../../../Engine/Content/Functions/Engine_MaterialFunctions02/Utility/BreakOutFloat2Components.uexp" 148
"../../../Engine/Content/Functions/Engine_MaterialFunctions01/Texturing/ScaleUVsByCenter.uasset" 149
"../../../Engine/Content/Functions/Engine_MaterialFunctions01/Texturing/ScaleUVsByCenter.uexp" 150
"../../../Engine/Content/Functions/Engine_MaterialFunctions02/WorldPositionOffset/LocalPosition.uasset" 151
"../../../Engine/Content/Functions/Engine_MaterialFunctions02/WorldPositionOffset/LocalPosition.uexp" 152
"../../../Engine/Content/EngineMaterials/DefaultDiffuse.ubulk" 153
"../../../Engine/Content/EngineMaterials/DefaultDiffuse.uasset" 154
"../../../Engine/Content/EngineMaterials/DefaultDiffuse.uexp" 155
"../../../Engine/Content/Functions/Engine_MaterialFunctions01/Texturing/TextureCropping.uasset" 156
"../../../Engine/Content/Functions/Engine_MaterialFunctions01/Texturing/TextureCropping.uexp" 157
"../../../Engine/Content/Functions/Engine_MaterialFunctions02/ExampleContent/DebugNumberStrip.uasset" 158
"../../../Engine/Content/Functions/Engine_MaterialFunctions02/ExampleContent/DebugNumberStrip.uexp" 159
"../../../Engine/Content/Functions/Engine_MaterialFunctions01/Debug/DebugIntValues.uasset" 160
"../../../Engine/Content/Functions/Engine_MaterialFunctions01/Debug/DebugIntValues.uexp" 161
"../../../Engine/Content/EditorLandscapeResources/LandscapeLayerUsageMaterial.uasset" 162
"../../../Engine/Content/EditorLandscapeResources/LandscapeLayerUsageMaterial.uexp" 163
"../../../Engine/Content/EditorLandscapeResources/LandscapeDirtyMaterial.uasset" 164
"../../../Engine/Content/EditorLandscapeResources/LandscapeDirtyMaterial.uexp" 165
"../../../Engine/Content/EditorLandscapeResources/ColorMaskBrushMaterial.uasset" 166
"../../../Engine/Content/EditorLandscapeResources/ColorMaskBrushMaterial.uexp" 167
"../../../Engine/Content/EditorLandscapeResources/ColorMaskBrushMaterial_MaskedRegion.uasset" 168
"../../../Engine/Content/EditorLandscapeResources/ColorMaskBrushMaterial_MaskedRegion.uexp" 169
"../../../Engine/Content/EngineResources/WhiteSquareTexture.uasset" 170
"../../../Engine/Content/EngineResources/WhiteSquareTexture.uexp" 171
"../../../Engine/Content/EngineMaterials/Widget3DPassThrough.uasset" 172
"../../../Engine/Content/EngineMaterials/Widget3DPassThrough.uexp" 173
"../../../Engine/Content/EngineMaterials/Widget3DPassThrough_Translucent.uasset" 174
"../../../Engine/Content/EngineMaterials/Widget3DPassThrough_Translucent.uexp" 175
"../../../Engine/Content/EngineMaterials/Widget3DPassThrough_Translucent_OneSided.uasset" 176
"../../../Engine/Content/EngineMaterials/Widget3DPassThrough_Translucent_OneSided.uexp" 177
"../../../Engine/Content/EngineMaterials/Widget3DPassThrough_Opaque.uasset" 178
"../../../Engine/Content/EngineMaterials/Widget3DPassThrough_Opaque.uexp" 179
"../../../Engine/Content/EngineMaterials/Widget3DPassThrough_Opaque_OneSided.uasset" 180
"../../../Engine/Content/EngineMaterials/Widget3DPassThrough_Opaque_OneSided.uexp" 181
"../../../Engine/Content/EngineMaterials/Widget3DPassThrough_Masked_OneSided.uasset" 182
"../../../Engine/Content/EngineMaterials/Widget3DPassThrough_Masked_OneSided.uexp" 183
"../../../Engine/Content/EngineMaterials/Widget3DPassThrough_Masked.uasset" 184
"../../../Engine/Content/EngineMaterials/Widget3DPassThrough_Masked.uexp" 185
"../../../Engine/Content/EngineMaterials/WeightMapPlaceholderTexture.uasset" 186
"../../../Engine/Content/EngineMaterials/WeightMapPlaceholderTexture.uexp" 187
"../../../Engine/Content/EngineMaterials/WeightMapArrayPlaceholderTexture.uasset" 188
"../../../Engine/Content/EngineMaterials/WeightMapArrayPlaceholderTexture.uexp" 189
"../../../Engine/Content/EngineMaterials/RemoveSurfaceMaterial.uasset" 190
"../../../Engine/Content/EngineMaterials/RemoveSurfaceMaterial.uexp" 191
"../../../Engine/Content/EngineMaterials/PreintegratedSkinBRDF.uasset" 192
"../../../Engine/Content/EngineMaterials/PreintegratedSkinBRDF.uexp" 193
"../../../Engine/Content/EngineMaterials/DefaultCalibrationGrayscale.uasset" 194
"../../../Engine/Content/EngineMaterials/DefaultCalibrationGrayscale.uexp" 195
"../../../Engine/Content/EngineMaterials/PPM_DefaultCalibrationGrayscale.uasset" 196
"../../../Engine/Content/EngineMaterials/PPM_DefaultCalibrationGrayscale.uexp" 197
"../../../Engine/Content/EngineMaterials/DefaultCalibrationColor.uasset" 198
"../../../Engine/Content/EngineMaterials/DefaultCalibrationColor.uexp" 199
"../../../Engine/Content/EngineMaterials/PPM_DefaultCalibrationColor.uasset" 200
"../../../Engine/Content/EngineMaterials/PPM_DefaultCalibrationColor.uexp" 201
"../../../Engine/Content/EngineMaterials/PhAT_JointLimitMaterial.uasset" 202
"../../../Engine/Content/EngineMaterials/PhAT_JointLimitMaterial.uexp" 203
"../../../Engine/Content/EngineMaterials/NaniteHiddenSectionMaterial.uasset" 204
"../../../Engine/Content/EngineMaterials/NaniteHiddenSectionMaterial.uexp" 205
"../../../Engine/Content/EngineMaterials/InvalidLightmapSettings.ubulk" 206
"../../../Engine/Content/EngineMaterials/InvalidLightmapSettings.uasset" 207
"../../../Engine/Content/EngineMaterials/InvalidLightmapSettings.uexp" 208
"../../../Engine/Content/EngineMaterials/M_InvalidLightmapSettings.uasset" 209
"../../../Engine/Content/EngineMaterials/M_InvalidLightmapSettings.uexp" 210
"../../../Engine/Content/EngineMaterials/MiniFont.uasset" 211
"../../../Engine/Content/EngineMaterials/MiniFont.uexp" 212
"../../../Engine/Content/EngineMaterials/GizmoMaterial.uasset" 213
"../../../Engine/Content/EngineMaterials/GizmoMaterial.uexp" 214
"../../../Engine/Content/EngineMaterials/BaseFlattenDiffuseMap_VT.uasset" 215
"../../../Engine/Content/EngineMaterials/BaseFlattenDiffuseMap_VT.uexp" 216
"../../../Engine/Content/EngineMaterials/BaseFlattenEmissiveMap_VT.uasset" 217
"../../../Engine/Content/EngineMaterials/BaseFlattenEmissiveMap_VT.uexp" 218
"../../../Engine/Content/EngineMaterials/BaseFlattenGrayscaleMap_VT.uasset" 219
"../../../Engine/Content/EngineMaterials/BaseFlattenGrayscaleMap_VT.uexp" 220
"../../../Engine/Content/EngineMaterials/BaseFlattenLinearColor_VT.uasset" 221
"../../../Engine/Content/EngineMaterials/BaseFlattenLinearColor_VT.uexp" 222
"../../../Engine/Content/EngineMaterials/BaseFlattenNormalMap_VT.uasset" 223
"../../../Engine/Content/EngineMaterials/BaseFlattenNormalMap_VT.uexp" 224
"../../../Engine/Content/EngineMaterials/Black_1x1_EXR_Texture_VT.uasset" 225
"../../../Engine/Content/EngineMaterials/Black_1x1_EXR_Texture_VT.uexp" 226
"../../../Engine/Content/EngineMaterials/FlattenMaterial_WS_Normal_VT.uasset" 227
"../../../Engine/Content/EngineMaterials/FlattenMaterial_WS_Normal_VT.uexp" 228
"../../../Engine/Content/EngineMaterials/FlattenMaterial_VT.uasset" 229
"../../../Engine/Content/EngineMaterials/FlattenMaterial_VT.uexp" 230
"../../../Engine/Content/EngineMaterials/BaseFlattenNormalMap.uasset" 231
"../../../Engine/Content/EngineMaterials/BaseFlattenNormalMap.uexp" 232
"../../../Engine/Content/EngineMaterials/BaseFlattenDiffuseMap.uasset" 233
"../../../Engine/Content/EngineMaterials/BaseFlattenDiffuseMap.uexp" 234
"../../../Engine/Content/EngineMaterials/BaseFlattenEmissiveMap.uasset" 235
"../../../Engine/Content/EngineMaterials/BaseFlattenEmissiveMap.uexp" 236
"../../../Engine/Content/EngineMaterials/BaseFlattenGrayscaleMap.uasset" 237
"../../../Engine/Content/EngineMaterials/BaseFlattenGrayscaleMap.uexp" 238
"../../../Engine/Content/EngineMaterials/BaseFlattenLinearColor.uasset" 239
"../../../Engine/Content/EngineMaterials/BaseFlattenLinearColor.uexp" 240
"../../../Engine/Content/Functions/Engine_MaterialFunctions02/PivotPainter2/Black_1x1_EXR_Texture.uasset" 241
"../../../Engine/Content/Functions/Engine_MaterialFunctions02/PivotPainter2/Black_1x1_EXR_Texture.uexp" 242
"../../../Engine/Content/EngineMaterials/FlattenMaterial.uasset" 243
"../../../Engine/Content/EngineMaterials/FlattenMaterial.uexp" 244
"../../../Engine/Content/EngineMaterials/FastBlueNoise_vec2_128x128x64.uasset" 245
"../../../Engine/Content/EngineMaterials/FastBlueNoise_vec2_128x128x64.uexp" 246
"../../../Engine/Content/EngineMaterials/FastBlueNoise_scalar_128x128x8.uasset" 247
"../../../Engine/Content/EngineMaterials/FastBlueNoise_scalar_128x128x8.uexp" 248
"../../../Engine/Content/EngineMaterials/FastBlueNoise_scalar_128x128x64.uasset" 249
"../../../Engine/Content/EngineMaterials/FastBlueNoise_scalar_128x128x64.uexp" 250
"../../../Engine/Content/EngineMaterials/DefaultWhiteGrid_Low.uasset" 251
"../../../Engine/Content/EngineMaterials/DefaultWhiteGrid_Low.uexp" 252
"../../../Engine/Content/EngineMaterials/EmissiveMeshMaterial.uasset" 253
"../../../Engine/Content/EngineMaterials/EmissiveMeshMaterial.uexp" 254
"../../../Engine/Content/EngineMaterials/DefaultWhiteGrid.ubulk" 255
"../../../Engine/Content/EngineMaterials/DefaultWhiteGrid.uasset" 256
"../../../Engine/Content/EngineMaterials/DefaultWhiteGrid.uexp" 257
"../../../Engine/Content/EngineFonts/RobotoDistanceField.uasset" 258
"../../../Engine/Content/EngineFonts/RobotoDistanceField.uexp" 259
"../../../Engine/Content/EngineMaterials/DefaultTextMaterialOpaque.uasset" 260
"../../../Engine/Content/EngineMaterials/DefaultTextMaterialOpaque.uexp" 261
"../../../Engine/Content/EngineMaterials/DefaultPostProcessMaterial.uasset" 262
"../../../Engine/Content/EngineMaterials/DefaultPostProcessMaterial.uexp" 263
"../../../Engine/Content/EngineMaterials/DefaultLightFunctionMaterial.uasset" 264
"../../../Engine/Content/EngineMaterials/DefaultLightFunctionMaterial.uexp" 265
"../../../Engine/Content/EngineMaterials/DefaultDeferredDecalMaterial.uasset" 266
"../../../Engine/Content/EngineMaterials/DefaultDeferredDecalMaterial.uexp" 267
"../../../Engine/Content/EngineMaterials/DefaultBokeh.uasset" 268
"../../../Engine/Content/EngineMaterials/DefaultBokeh.uexp" 269
"../../../Engine/Content/EngineMaterials/DefaultBloomKernel.uasset" 270
"../../../Engine/Content/EngineMaterials/DefaultBloomKernel.uexp" 271
"../../../Engine/Content/Functions/Engine_MaterialFunctions02/Utility/CameraDirectionVector.uasset" 272
"../../../Engine/Content/Functions/Engine_MaterialFunctions02/Utility/CameraDirectionVector.uexp" 273
"../../../Engine/Content/EngineDebugMaterials/VolumeToRender.uasset" 274
"../../../Engine/Content/EngineDebugMaterials/VolumeToRender.uexp" 275
"../../../Engine/Content/EngineDebugMaterials/M_VolumeRenderSphereTracePP.uasset" 276
"../../../Engine/Content/EngineDebugMaterials/M_VolumeRenderSphereTracePP.uexp" 277
"../../../Engine/Content/EngineDebugMaterials/M_SimpleUnlitTranslucent.uasset" 278
"../../../Engine/Content/EngineDebugMaterials/M_SimpleUnlitTranslucent.uexp" 279
"../../../Engine/Content/EngineDebugMaterials/DebugMeshMaterial.uasset" 280
"../../../Engine/Content/EngineDebugMaterials/DebugMeshMaterial.uexp" 281
"../../../Engine/Content/EngineDebugMaterials/DebugEditorMaterial.uasset" 282
"../../../Engine/Content/EngineDebugMaterials/DebugEditorMaterial.uexp" 283
"../../../Engine/Content/EngineDamageTypes/DmgTypeBP_Environmental.uasset" 284
"../../../Engine/Content/EngineDamageTypes/DmgTypeBP_Environmental.uexp" 285
"../../../Engine/Content/EditorResources/S_Terrain.ubulk" 286
"../../../Engine/Content/EditorResources/S_Terrain.uasset" 287
"../../../Engine/Content/EditorResources/S_Terrain.uexp" 288
"../../../Engine/Content/EditorResources/S_Solver.ubulk" 289
"../../../Engine/Content/EditorResources/S_Solver.uasset" 290
"../../../Engine/Content/EditorResources/S_Solver.uexp" 291
"../../../Engine/Content/EditorResources/BSPVertex.uasset" 292
"../../../Engine/Content/EditorResources/BSPVertex.uexp" 293
"../../../Engine/Content/EditorMaterials/PreviewShadowIndicator.ubulk" 294
"../../../Engine/Content/EditorMaterials/PreviewShadowIndicator.uasset" 295
"../../../Engine/Content/EditorMaterials/PreviewShadowIndicator.uexp" 296
"../../../Engine/Content/EditorMaterials/PreviewShadowIndicatorMaterial.uasset" 297
"../../../Engine/Content/EditorMaterials/PreviewShadowIndicatorMaterial.uexp" 298
"../../../Engine/Content/EditorMaterials/PhAT_UnselectedMaterial.uasset" 299
"../../../Engine/Content/EditorMaterials/PhAT_UnselectedMaterial.uexp" 300
"../../../Engine/Content/EditorMaterials/PhAT_NoCollisionMaterial.uasset" 301
"../../../Engine/Content/EditorMaterials/PhAT_NoCollisionMaterial.uexp" 302
"../../../Engine/Plugins/VirtualProduction/CameraCalibrationCore/Content/Materials/M_DefaultOddSquare.uasset" 303
"../../../Engine/Plugins/VirtualProduction/CameraCalibrationCore/Content/Materials/M_DefaultOddSquare.uexp" 304
"../../../Engine/Plugins/VirtualProduction/CameraCalibrationCore/Content/Materials/M_DefaultEvenSquare.uasset" 305
"../../../Engine/Plugins/VirtualProduction/CameraCalibrationCore/Content/Materials/M_DefaultEvenSquare.uexp" 306
"../../../Engine/Plugins/Runtime/HairStrands/Content/Materials/HairMeshesDefaultMaterial.uasset" 307
"../../../Engine/Plugins/Runtime/HairStrands/Content/Materials/HairMeshesDefaultMaterial.uexp" 308
"../../../Engine/Plugins/Runtime/HairStrands/Content/Materials/HairDefaultMaterial.uasset" 309
"../../../Engine/Plugins/Runtime/HairStrands/Content/Materials/HairDefaultMaterial.uexp" 310
"../../../Engine/Content/Functions/Engine_MaterialFunctions02/Utility/MakeFloat2.uasset" 311
"../../../Engine/Content/Functions/Engine_MaterialFunctions02/Utility/MakeFloat2.uexp" 312
"../../../Engine/Content/EngineMaterials/HairDebugColor.uasset" 313
"../../../Engine/Content/EngineMaterials/HairDebugColor.uexp" 314
"../../../Engine/Content/EngineMaterials/HairColorMap.uasset" 315
"../../../Engine/Content/EngineMaterials/HairColorMap.uexp" 316
"../../../Engine/Plugins/Runtime/HairStrands/Content/Materials/HairGroupColors.uasset" 317
"../../../Engine/Plugins/Runtime/HairStrands/Content/Materials/HairGroupColors.uexp" 318
"../../../Engine/Plugins/Runtime/HairStrands/Content/Materials/HairDebugMaterial.uasset" 319
"../../../Engine/Plugins/Runtime/HairStrands/Content/Materials/HairDebugMaterial.uexp" 320
"../../../Engine/Plugins/Runtime/HairStrands/Content/Materials/HairCardsDefaultMaterial.uasset" 321
"../../../Engine/Plugins/Runtime/HairStrands/Content/Materials/HairCardsDefaultMaterial.uexp" 322
"../../../Engine/Plugins/Runtime/AudioWidgets/Content/Resources/ScrubHandleDown_Clamped.uasset" 323
"../../../Engine/Plugins/Runtime/AudioWidgets/Content/Resources/ScrubHandleDown_Clamped.uexp" 324
"../../../Engine/Plugins/Interchange/Assets/Content/Functions/MX_UsdPreviewSurface.uasset" 325
"../../../Engine/Plugins/Interchange/Assets/Content/Functions/MX_UsdPreviewSurface.uexp" 326
"../../../Engine/Plugins/Interchange/Assets/Content/Functions/MX_UniformEDF.uasset" 327
"../../../Engine/Plugins/Interchange/Assets/Content/Functions/MX_UniformEDF.uexp" 328
"../../../Engine/Plugins/Interchange/Assets/Content/Functions/MX_TranslucentBSDF.uasset" 329
"../../../Engine/Plugins/Interchange/Assets/Content/Functions/MX_TranslucentBSDF.uexp" 330
"../../../Engine/Plugins/Interchange/Assets/Content/Functions/MX_ThinFilmBSDF.uasset" 331
"../../../Engine/Plugins/Interchange/Assets/Content/Functions/MX_ThinFilmBSDF.uexp" 332
"../../../Engine/Plugins/Interchange/Assets/Content/Functions/MX_SurfaceUnlit.uasset" 333
"../../../Engine/Plugins/Interchange/Assets/Content/Functions/MX_SurfaceUnlit.uexp" 334
"../../../Engine/Plugins/Interchange/Assets/Content/Functions/MX_Surface.uasset" 335
"../../../Engine/Plugins/Interchange/Assets/Content/Functions/MX_Surface.uexp" 336
"../../../Engine/Plugins/Interchange/Assets/Content/Functions/MX_SubsurfaceBSDF.uasset" 337
"../../../Engine/Plugins/Interchange/Assets/Content/Functions/MX_SubsurfaceBSDF.uexp" 338
"../../../Engine/Plugins/Interchange/Assets/Content/Functions/MX_SheenBSDF.uasset" 339
"../../../Engine/Plugins/Interchange/Assets/Content/Functions/MX_SheenBSDF.uexp" 340
"../../../Engine/Plugins/Interchange/Assets/Content/Functions/MX_OrenNayarBSDF.uasset" 341
"../../../Engine/Plugins/Interchange/Assets/Content/Functions/MX_OrenNayarBSDF.uexp" 342
"../../../Engine/Plugins/Interchange/Assets/Content/Functions/MF_IridescenceNoLUT.uasset" 343
"../../../Engine/Plugins/Interchange/Assets/Content/Functions/MF_IridescenceNoLUT.uexp" 344
"../../../Engine/Plugins/Interchange/Assets/Content/Functions/MX_StandardSurface.uasset" 345
"../../../Engine/Plugins/Interchange/Assets/Content/Functions/MX_StandardSurface.uexp" 346
"../../../Engine/Plugins/Interchange/Assets/Content/Functions/MX_TransmissionSurface.uasset" 347
"../../../Engine/Plugins/Interchange/Assets/Content/Functions/MX_TransmissionSurface.uexp" 348
"../../../Engine/Plugins/Interchange/Assets/Content/Functions/MX_OpenPBR_Translucent.uasset" 349
"../../../Engine/Plugins/Interchange/Assets/Content/Functions/MX_OpenPBR_Translucent.uexp" 350
"../../../Engine/Plugins/Interchange/Assets/Content/Functions/MX_OpenPBR_Opaque.uasset" 351
"../../../Engine/Plugins/Interchange/Assets/Content/Functions/MX_OpenPBR_Opaque.uexp" 352
"../../../Engine/Plugins/Interchange/Assets/Content/Functions/MX_MeasuredEDF.uasset" 353
"../../../Engine/Plugins/Interchange/Assets/Content/Functions/MX_MeasuredEDF.uexp" 354
"../../../Engine/Plugins/Interchange/Assets/Content/Functions/MX_GeneralizedSchlickBSDF.uasset" 355
"../../../Engine/Plugins/Interchange/Assets/Content/Functions/MX_GeneralizedSchlickBSDF.uexp" 356
"../../../Engine/Plugins/Interchange/Assets/Content/Functions/MX_Displacement.uasset" 357
"../../../Engine/Plugins/Interchange/Assets/Content/Functions/MX_Displacement.uexp" 358
"../../../Engine/Plugins/Interchange/Assets/Content/Functions/MX_DielectricBSDF.uasset" 359
"../../../Engine/Plugins/Interchange/Assets/Content/Functions/MX_DielectricBSDF.uexp" 360
"../../../Engine/Plugins/Interchange/Assets/Content/Functions/MX_ConicalEDF.uasset" 361
"../../../Engine/Plugins/Interchange/Assets/Content/Functions/MX_ConicalEDF.uexp" 362
"../../../Engine/Plugins/Interchange/Assets/Content/Functions/MX_ConductorBSDF.uasset" 363
"../../../Engine/Plugins/Interchange/Assets/Content/Functions/MX_ConductorBSDF.uexp" 364
"../../../Engine/Plugins/Interchange/Assets/Content/Functions/MX_BurleyDiffuseBSDF.uasset" 365
"../../../Engine/Plugins/Interchange/Assets/Content/Functions/MX_BurleyDiffuseBSDF.uexp" 366
"../../../Engine/Plugins/Interchange/Assets/Content/Functions/MX_AnisotropicVDF.uasset" 367
"../../../Engine/Plugins/Interchange/Assets/Content/Functions/MX_AnisotropicVDF.uexp" 368
"../../../Engine/Plugins/Interchange/Assets/Content/Functions/MX_AbsorptionVDF.uasset" 369
"../../../Engine/Plugins/Interchange/Assets/Content/Functions/MX_AbsorptionVDF.uexp" 370
"../../../Engine/Content/Functions/Engine_MaterialFunctions02/Utility/VectorLength.uasset" 371
"../../../Engine/Content/Functions/Engine_MaterialFunctions02/Utility/VectorLength.uexp" 372
"../../../Engine/Content/Functions/Engine_MaterialFunctions02/Utility/BreakOutFloat3Components.uasset" 373
"../../../Engine/Content/Functions/Engine_MaterialFunctions02/Utility/BreakOutFloat3Components.uexp" 374
"../../../Engine/Content/Functions/Engine_MaterialFunctions02/WorldPositionOffset/ObjectScale.uasset" 375
"../../../Engine/Content/Functions/Engine_MaterialFunctions02/WorldPositionOffset/ObjectScale.uexp" 376
"../../../Engine/Content/Functions/Engine_MaterialFunctions02/SafeNormalize.uasset" 377
"../../../Engine/Content/Functions/Engine_MaterialFunctions02/SafeNormalize.uexp" 378
"../../../Engine/Plugins/Editor/SpeedTreeImporter/Content/SpeedTree9/UnpackInteger3.uasset" 379
"../../../Engine/Plugins/Editor/SpeedTreeImporter/Content/SpeedTree9/UnpackInteger3.uexp" 380
"../../../Engine/Plugins/Editor/SpeedTreeImporter/Content/SpeedTree9/UnpackDirection.uasset" 381
"../../../Engine/Plugins/Editor/SpeedTreeImporter/Content/SpeedTree9/UnpackDirection.uexp" 382
"../../../Engine/Plugins/Editor/SpeedTreeImporter/Content/SpeedTree9/game_wind_noise.ubulk" 383
"../../../Engine/Plugins/Editor/SpeedTreeImporter/Content/SpeedTree9/game_wind_noise.uasset" 384
"../../../Engine/Plugins/Editor/SpeedTreeImporter/Content/SpeedTree9/game_wind_noise.uexp" 385
"../../../Engine/Plugins/Editor/SpeedTreeImporter/Content/SpeedTree9/SpeedTreeWindMotion.uasset" 386
"../../../Engine/Plugins/Editor/SpeedTreeImporter/Content/SpeedTree9/SpeedTreeWindMotion.uexp" 387
"../../../Engine/Plugins/Editor/SpeedTreeImporter/Content/SpeedTree9/SpeedTreeBranchMotion.uasset" 388
"../../../Engine/Plugins/Editor/SpeedTreeImporter/Content/SpeedTree9/SpeedTreeBranchMotion.uexp" 389
"../../../Engine/Content/Functions/Engine_MaterialFunctions02/ObjectLocalBounds.uasset" 390
"../../../Engine/Content/Functions/Engine_MaterialFunctions02/ObjectLocalBounds.uexp" 391
"../../../Engine/Content/Functions/Engine_MaterialFunctions02/UVs/BoundingBoxBased_0-1_UVW.uasset" 392
"../../../Engine/Content/Functions/Engine_MaterialFunctions02/UVs/BoundingBoxBased_0-1_UVW.uexp" 393
"../../../Engine/Plugins/Editor/SpeedTreeImporter/Content/SpeedTree9/SpeedTreeWind.uasset" 394
"../../../Engine/Plugins/Editor/SpeedTreeImporter/Content/SpeedTree9/SpeedTreeWind.uexp" 395
"../../../Engine/Plugins/Editor/SpeedTreeImporter/Content/SpeedTree9/SpeedTreeCameraFacing.uasset" 396
"../../../Engine/Plugins/Editor/SpeedTreeImporter/Content/SpeedTree9/SpeedTreeCameraFacing.uexp" 397
"../../../Engine/Plugins/Editor/SpeedTreeImporter/Content/SpeedTree9/EmptyNormal.uasset" 398
"../../../Engine/Plugins/Editor/SpeedTreeImporter/Content/SpeedTree9/EmptyNormal.uexp" 399
"../../../Engine/Plugins/Editor/SpeedTreeImporter/Content/SpeedTree9/Empty.uasset" 400
"../../../Engine/Plugins/Editor/SpeedTreeImporter/Content/SpeedTree9/Empty.uexp" 401
"../../../Engine/Plugins/Editor/SpeedTreeImporter/Content/SpeedTree9/SpeedTreeMaster.uasset" 402
"../../../Engine/Plugins/Editor/SpeedTreeImporter/Content/SpeedTree9/SpeedTreeMaster.uexp" 403
"../../../Engine/Plugins/Editor/SpeedTreeImporter/Content/SpeedTree9/SpeedTreeBillboard.uasset" 404
"../../../Engine/Plugins/Editor/SpeedTreeImporter/Content/SpeedTree9/SpeedTreeBillboard.uexp" 405
"../../../Engine/Plugins/Editor/SpeedTreeImporter/Content/SpeedTree9/SpeedTreeBillboardMaster.uasset" 406
"../../../Engine/Plugins/Editor/SpeedTreeImporter/Content/SpeedTree9/SpeedTreeBillboardMaster.uexp" 407
"../../../Engine/Plugins/Animation/ControlRig/Content/Controls/ControlRig_Wedge_solid.ubulk" 408
"../../../Engine/Plugins/Animation/ControlRig/Content/Controls/ControlRig_Wedge_solid.uasset" 409
"../../../Engine/Plugins/Animation/ControlRig/Content/Controls/ControlRig_Wedge_solid.uexp" 410
"../../../Engine/Plugins/Animation/ControlRig/Content/Controls/ControlRig_Wedge_3mm.ubulk" 411
"../../../Engine/Plugins/Animation/ControlRig/Content/Controls/ControlRig_Wedge_3mm.uasset" 412
"../../../Engine/Plugins/Animation/ControlRig/Content/Controls/ControlRig_Wedge_3mm.uexp" 413
"../../../Engine/Plugins/Animation/ControlRig/Content/Controls/ControlRig_Wedge_1mm.ubulk" 414
"../../../Engine/Plugins/Animation/ControlRig/Content/Controls/ControlRig_Wedge_1mm.uasset" 415
"../../../Engine/Plugins/Animation/ControlRig/Content/Controls/ControlRig_Wedge_1mm.uexp" 416
"../../../Engine/Plugins/Animation/ControlRig/Content/Controls/ControlRig_Triangle_solid.ubulk" 417
"../../../Engine/Plugins/Animation/ControlRig/Content/Controls/ControlRig_Triangle_solid.uasset" 418
"../../../Engine/Plugins/Animation/ControlRig/Content/Controls/ControlRig_Triangle_solid.uexp" 419
"../../../Engine/Plugins/Animation/ControlRig/Content/Controls/ControlRig_Triangle_3mm.ubulk" 420
"../../../Engine/Plugins/Animation/ControlRig/Content/Controls/ControlRig_Triangle_3mm.uasset" 421
"../../../Engine/Plugins/Animation/ControlRig/Content/Controls/ControlRig_Triangle_3mm.uexp" 422
"../../../Engine/Plugins/Animation/ControlRig/Content/Controls/ControlRig_Triangle_1mm.ubulk" 423
"../../../Engine/Plugins/Animation/ControlRig/Content/Controls/ControlRig_Triangle_1mm.uasset" 424
"../../../Engine/Plugins/Animation/ControlRig/Content/Controls/ControlRig_Triangle_1mm.uexp" 425
"../../../Engine/Plugins/Animation/ControlRig/Content/Controls/ControlRig_Star4_solid.ubulk" 426
"../../../Engine/Plugins/Animation/ControlRig/Content/Controls/ControlRig_Star4_solid.uasset" 427
"../../../Engine/Plugins/Animation/ControlRig/Content/Controls/ControlRig_Star4_solid.uexp" 428
"../../../Engine/Plugins/Animation/ControlRig/Content/Controls/ControlRig_Star4_3mm.ubulk" 429
"../../../Engine/Plugins/Animation/ControlRig/Content/Controls/ControlRig_Star4_3mm.uasset" 430
"../../../Engine/Plugins/Animation/ControlRig/Content/Controls/ControlRig_Star4_3mm.uexp" 431
"../../../Engine/Plugins/Animation/ControlRig/Content/Controls/ControlRig_Star4_1mm.ubulk" 432
"../../../Engine/Plugins/Animation/ControlRig/Content/Controls/ControlRig_Star4_1mm.uasset" 433
"../../../Engine/Plugins/Animation/ControlRig/Content/Controls/ControlRig_Star4_1mm.uexp" 434
"../../../Engine/Plugins/Animation/ControlRig/Content/Controls/ControlRig_Square_solid.ubulk" 435
"../../../Engine/Plugins/Animation/ControlRig/Content/Controls/ControlRig_Square_solid.uasset" 436
"../../../Engine/Plugins/Animation/ControlRig/Content/Controls/ControlRig_Square_solid.uexp" 437
"../../../Engine/Plugins/Animation/ControlRig/Content/Controls/ControlRig_Square_3mm.ubulk" 438
"../../../Engine/Plugins/Animation/ControlRig/Content/Controls/ControlRig_Square_3mm.uasset" 439
"../../../Engine/Plugins/Animation/ControlRig/Content/Controls/ControlRig_Square_3mm.uexp" 440
"../../../Engine/Plugins/Animation/ControlRig/Content/Controls/ControlRig_Square_1mm.ubulk" 441
"../../../Engine/Plugins/Animation/ControlRig/Content/Controls/ControlRig_Square_1mm.uasset" 442
"../../../Engine/Plugins/Animation/ControlRig/Content/Controls/ControlRig_Square_1mm.uexp" 443
"../../../Engine/Plugins/Animation/ControlRig/Content/Controls/ControlRig_Sphere_solid.ubulk" 444
"../../../Engine/Plugins/Animation/ControlRig/Content/Controls/ControlRig_Sphere_solid.uasset" 445
"../../../Engine/Plugins/Animation/ControlRig/Content/Controls/ControlRig_Sphere_solid.uexp" 446
"../../../Engine/Plugins/Animation/ControlRig/Content/Controls/ControlRig_Sphere_3mm.ubulk" 447
"../../../Engine/Plugins/Animation/ControlRig/Content/Controls/ControlRig_Sphere_3mm.uasset" 448
"../../../Engine/Plugins/Animation/ControlRig/Content/Controls/ControlRig_Sphere_3mm.uexp" 449
"../../../Engine/Plugins/Animation/ControlRig/Content/Controls/ControlRig_Sphere_1mm.ubulk" 450
"../../../Engine/Plugins/Animation/ControlRig/Content/Controls/ControlRig_Sphere_1mm.uasset" 451
"../../../Engine/Plugins/Animation/ControlRig/Content/Controls/ControlRig_Sphere_1mm.uexp" 452
"../../../Engine/Plugins/Animation/ControlRig/Content/Controls/ControlRig_RoundedTriangle_solid.ubulk" 453
"../../../Engine/Plugins/Animation/ControlRig/Content/Controls/ControlRig_RoundedTriangle_solid.uasset" 454
"../../../Engine/Plugins/Animation/ControlRig/Content/Controls/ControlRig_RoundedTriangle_solid.uexp" 455
"../../../Engine/Plugins/Animation/ControlRig/Content/Controls/ControlRig_RoundedTriangle_3mm.ubulk" 456
"../../../Engine/Plugins/Animation/ControlRig/Content/Controls/ControlRig_RoundedTriangle_3mm.uasset" 457
"../../../Engine/Plugins/Animation/ControlRig/Content/Controls/ControlRig_RoundedTriangle_3mm.uexp" 458
"../../../Engine/Plugins/Animation/ControlRig/Content/Controls/ControlRig_RoundedTriangle_1mm.ubulk" 459
"../../../Engine/Plugins/Animation/ControlRig/Content/Controls/ControlRig_RoundedTriangle_1mm.uasset" 460
"../../../Engine/Plugins/Animation/ControlRig/Content/Controls/ControlRig_RoundedTriangle_1mm.uexp" 461
"../../../Engine/Plugins/Animation/ControlRig/Content/Controls/ControlRig_RoundedSquare_solid.ubulk" 462
"../../../Engine/Plugins/Animation/ControlRig/Content/Controls/ControlRig_RoundedSquare_solid.uasset" 463
"../../../Engine/Plugins/Animation/ControlRig/Content/Controls/ControlRig_RoundedSquare_solid.uexp" 464
"../../../Engine/Plugins/Animation/ControlRig/Content/Controls/ControlRig_RoundedSquare_3mm.ubulk" 465
"../../../Engine/Plugins/Animation/ControlRig/Content/Controls/ControlRig_RoundedSquare_3mm.uasset" 466
"../../../Engine/Plugins/Animation/ControlRig/Content/Controls/ControlRig_RoundedSquare_3mm.uexp" 467
"../../../Engine/Plugins/Animation/ControlRig/Content/Controls/ControlRig_RoundedSquare_1mm.ubulk" 468
"../../../Engine/Plugins/Animation/ControlRig/Content/Controls/ControlRig_RoundedSquare_1mm.uasset" 469
"../../../Engine/Plugins/Animation/ControlRig/Content/Controls/ControlRig_RoundedSquare_1mm.uexp" 470
"../../../Engine/Plugins/Animation/ControlRig/Content/Controls/ControlRig_QuarterCircle_solid.ubulk" 471
"../../../Engine/Plugins/Animation/ControlRig/Content/Controls/ControlRig_QuarterCircle_solid.uasset" 472
"../../../Engine/Plugins/Animation/ControlRig/Content/Controls/ControlRig_QuarterCircle_solid.uexp" 473
"../../../Engine/Plugins/Animation/ControlRig/Content/Controls/ControlRig_QuarterCircle_3mm.ubulk" 474
"../../../Engine/Plugins/Animation/ControlRig/Content/Controls/ControlRig_QuarterCircle_3mm.uasset" 475
"../../../Engine/Plugins/Animation/ControlRig/Content/Controls/ControlRig_QuarterCircle_3mm.uexp" 476
"../../../Engine/Plugins/Animation/ControlRig/Content/Controls/ControlRig_QuarterCircle_1mm.ubulk" 477
"../../../Engine/Plugins/Animation/ControlRig/Content/Controls/ControlRig_QuarterCircle_1mm.uasset" 478
"../../../Engine/Plugins/Animation/ControlRig/Content/Controls/ControlRig_QuarterCircle_1mm.uexp" 479
"../../../Engine/Plugins/Animation/ControlRig/Content/Controls/ControlRig_Pyramid_solid.ubulk" 480
"../../../Engine/Plugins/Animation/ControlRig/Content/Controls/ControlRig_Pyramid_solid.uasset" 481
"../../../Engine/Plugins/Animation/ControlRig/Content/Controls/ControlRig_Pyramid_solid.uexp" 482
"../../../Engine/Plugins/Animation/ControlRig/Content/Controls/ControlRig_Pyramid_3mm.ubulk" 483
"../../../Engine/Plugins/Animation/ControlRig/Content/Controls/ControlRig_Pyramid_3mm.uasset" 484
"../../../Engine/Plugins/Animation/ControlRig/Content/Controls/ControlRig_Pyramid_3mm.uexp" 485
"../../../Engine/Plugins/Animation/ControlRig/Content/Controls/ControlRig_Pyramid_1mm.ubulk" 486
"../../../Engine/Plugins/Animation/ControlRig/Content/Controls/ControlRig_Pyramid_1mm.uasset" 487
"../../../Engine/Plugins/Animation/ControlRig/Content/Controls/ControlRig_Pyramid_1mm.uexp" 488
"../../../Engine/Plugins/Animation/ControlRig/Content/Controls/ControlRig_Octagon_solid.ubulk" 489
"../../../Engine/Plugins/Animation/ControlRig/Content/Controls/ControlRig_Octagon_solid.uasset" 490
"../../../Engine/Plugins/Animation/ControlRig/Content/Controls/ControlRig_Octagon_solid.uexp" 491
"../../../Engine/Plugins/Animation/ControlRig/Content/Controls/ControlRig_Octagon_3mm.ubulk" 492
"../../../Engine/Plugins/Animation/ControlRig/Content/Controls/ControlRig_Octagon_3mm.uasset" 493
"../../../Engine/Plugins/Animation/ControlRig/Content/Controls/ControlRig_Octagon_3mm.uexp" 494
"../../../Engine/Plugins/Animation/ControlRig/Content/Controls/ControlRig_Octagon_1mm.ubulk" 495
"../../../Engine/Plugins/Animation/ControlRig/Content/Controls/ControlRig_Octagon_1mm.uasset" 496
"../../../Engine/Plugins/Animation/ControlRig/Content/Controls/ControlRig_Octagon_1mm.uexp" 497
"../../../Engine/Plugins/Animation/ControlRig/Content/Controls/ControlRig_Hexagon_solid.ubulk" 498
"../../../Engine/Plugins/Animation/ControlRig/Content/Controls/ControlRig_Hexagon_solid.uasset" 499
"../../../Engine/Plugins/Animation/ControlRig/Content/Controls/ControlRig_Hexagon_solid.uexp" 500
"../../../Engine/Plugins/Animation/ControlRig/Content/Controls/ControlRig_Hexagon_3mm.ubulk" 501
"../../../Engine/Plugins/Animation/ControlRig/Content/Controls/ControlRig_Hexagon_3mm.uasset" 502
"../../../Engine/Plugins/Animation/ControlRig/Content/Controls/ControlRig_Hexagon_3mm.uexp" 503
"../../../Engine/Plugins/Animation/ControlRig/Content/Controls/ControlRig_Hexagon_1mm.ubulk" 504
"../../../Engine/Plugins/Animation/ControlRig/Content/Controls/ControlRig_Hexagon_1mm.uasset" 505
"../../../Engine/Plugins/Animation/ControlRig/Content/Controls/ControlRig_Hexagon_1mm.uexp" 506
"../../../Engine/Plugins/Animation/ControlRig/Content/Controls/ControlRig_HalfCircle_solid.ubulk" 507
"../../../Engine/Plugins/Animation/ControlRig/Content/Controls/ControlRig_HalfCircle_solid.uasset" 508
"../../../Engine/Plugins/Animation/ControlRig/Content/Controls/ControlRig_HalfCircle_solid.uexp" 509
"../../../Engine/Plugins/Animation/ControlRig/Content/Controls/ControlRig_HalfCircle_3mm.ubulk" 510
"../../../Engine/Plugins/Animation/ControlRig/Content/Controls/ControlRig_HalfCircle_3mm.uasset" 511
"../../../Engine/Plugins/Animation/ControlRig/Content/Controls/ControlRig_HalfCircle_3mm.uexp" 512
"../../../Engine/Plugins/Animation/ControlRig/Content/Controls/ControlRig_HalfCircle_1mm.ubulk" 513
"../../../Engine/Plugins/Animation/ControlRig/Content/Controls/ControlRig_HalfCircle_1mm.uasset" 514
"../../../Engine/Plugins/Animation/ControlRig/Content/Controls/ControlRig_HalfCircle_1mm.uexp" 515
"../../../Engine/Plugins/Animation/ControlRig/Content/Controls/ControlRig_Diamond_solid.ubulk" 516
"../../../Engine/Plugins/Animation/ControlRig/Content/Controls/ControlRig_Diamond_solid.uasset" 517
"../../../Engine/Plugins/Animation/ControlRig/Content/Controls/ControlRig_Diamond_solid.uexp" 518
"../../../Engine/Plugins/Animation/ControlRig/Content/Controls/ControlRig_Diamond_3mm.ubulk" 519
"../../../Engine/Plugins/Animation/ControlRig/Content/Controls/ControlRig_Diamond_3mm.uasset" 520
"../../../Engine/Plugins/Animation/ControlRig/Content/Controls/ControlRig_Diamond_3mm.uexp" 521
"../../../Engine/Plugins/Animation/ControlRig/Content/Controls/ControlRig_Diamond_1mm.ubulk" 522
"../../../Engine/Plugins/Animation/ControlRig/Content/Controls/ControlRig_Diamond_1mm.uasset" 523
"../../../Engine/Plugins/Animation/ControlRig/Content/Controls/ControlRig_Diamond_1mm.uexp" 524
"../../../Engine/Plugins/Animation/ControlRig/Content/Controls/ControlRig_Circle_solid.ubulk" 525
"../../../Engine/Plugins/Animation/ControlRig/Content/Controls/ControlRig_Circle_solid.uasset" 526
"../../../Engine/Plugins/Animation/ControlRig/Content/Controls/ControlRig_Circle_solid.uexp" 527
"../../../Engine/Plugins/Animation/ControlRig/Content/Controls/ControlRig_Circle_3mm.ubulk" 528
"../../../Engine/Plugins/Animation/ControlRig/Content/Controls/ControlRig_Circle_3mm.uasset" 529
"../../../Engine/Plugins/Animation/ControlRig/Content/Controls/ControlRig_Circle_3mm.uexp" 530
"../../../Engine/Plugins/Animation/ControlRig/Content/Controls/ControlRig_Circle_1mm.ubulk" 531
"../../../Engine/Plugins/Animation/ControlRig/Content/Controls/ControlRig_Circle_1mm.uasset" 532
"../../../Engine/Plugins/Animation/ControlRig/Content/Controls/ControlRig_Circle_1mm.uexp" 533
"../../../Engine/Plugins/Animation/ControlRig/Content/Controls/ControlRig_Box_solid.ubulk" 534
"../../../Engine/Plugins/Animation/ControlRig/Content/Controls/ControlRig_Box_solid.uasset" 535
"../../../Engine/Plugins/Animation/ControlRig/Content/Controls/ControlRig_Box_solid.uexp" 536
"../../../Engine/Plugins/Animation/ControlRig/Content/Controls/ControlRig_Box_3mm.ubulk" 537
"../../../Engine/Plugins/Animation/ControlRig/Content/Controls/ControlRig_Box_3mm.uasset" 538
"../../../Engine/Plugins/Animation/ControlRig/Content/Controls/ControlRig_Box_3mm.uexp" 539
"../../../Engine/Plugins/Animation/ControlRig/Content/Controls/ControlRig_Box_1mm.ubulk" 540
"../../../Engine/Plugins/Animation/ControlRig/Content/Controls/ControlRig_Box_1mm.uasset" 541
"../../../Engine/Plugins/Animation/ControlRig/Content/Controls/ControlRig_Box_1mm.uexp" 542
"../../../Engine/Plugins/Animation/ControlRig/Content/Controls/ControlRig_Arrow_solid.ubulk" 543
"../../../Engine/Plugins/Animation/ControlRig/Content/Controls/ControlRig_Arrow_solid.uasset" 544
"../../../Engine/Plugins/Animation/ControlRig/Content/Controls/ControlRig_Arrow_solid.uexp" 545
"../../../Engine/Plugins/Animation/ControlRig/Content/Controls/ControlRig_Arrow_3mm.ubulk" 546
"../../../Engine/Plugins/Animation/ControlRig/Content/Controls/ControlRig_Arrow_3mm.uasset" 547
"../../../Engine/Plugins/Animation/ControlRig/Content/Controls/ControlRig_Arrow_3mm.uexp" 548
"../../../Engine/Plugins/Animation/ControlRig/Content/Controls/ControlRig_Arrow_1mm.ubulk" 549
"../../../Engine/Plugins/Animation/ControlRig/Content/Controls/ControlRig_Arrow_1mm.uasset" 550
"../../../Engine/Plugins/Animation/ControlRig/Content/Controls/ControlRig_Arrow_1mm.uexp" 551
"../../../Engine/Plugins/Animation/ControlRig/Content/Controls/ControlRig_Arrow4_solid.ubulk" 552
"../../../Engine/Plugins/Animation/ControlRig/Content/Controls/ControlRig_Arrow4_solid.uasset" 553
"../../../Engine/Plugins/Animation/ControlRig/Content/Controls/ControlRig_Arrow4_solid.uexp" 554
"../../../Engine/Plugins/Animation/ControlRig/Content/Controls/ControlRig_Arrow4_3mm.ubulk" 555
"../../../Engine/Plugins/Animation/ControlRig/Content/Controls/ControlRig_Arrow4_3mm.uasset" 556
"../../../Engine/Plugins/Animation/ControlRig/Content/Controls/ControlRig_Arrow4_3mm.uexp" 557
"../../../Engine/Plugins/Animation/ControlRig/Content/Controls/ControlRig_Arrow4_1mm.ubulk" 558
"../../../Engine/Plugins/Animation/ControlRig/Content/Controls/ControlRig_Arrow4_1mm.uasset" 559
"../../../Engine/Plugins/Animation/ControlRig/Content/Controls/ControlRig_Arrow4_1mm.uexp" 560
"../../../Engine/Plugins/Animation/ControlRig/Content/Controls/ControlRig_Arrow2_solid.ubulk" 561
"../../../Engine/Plugins/Animation/ControlRig/Content/Controls/ControlRig_Arrow2_solid.uasset" 562
"../../../Engine/Plugins/Animation/ControlRig/Content/Controls/ControlRig_Arrow2_solid.uexp" 563
"../../../Engine/Plugins/Animation/ControlRig/Content/Controls/ControlRig_Arrow2_3mm.ubulk" 564
"../../../Engine/Plugins/Animation/ControlRig/Content/Controls/ControlRig_Arrow2_3mm.uasset" 565
"../../../Engine/Plugins/Animation/ControlRig/Content/Controls/ControlRig_Arrow2_3mm.uexp" 566
"../../../Engine/Plugins/Animation/ControlRig/Content/Controls/ControlRig_Arrow2_1mm.ubulk" 567
"../../../Engine/Plugins/Animation/ControlRig/Content/Controls/ControlRig_Arrow2_1mm.uasset" 568
"../../../Engine/Plugins/Animation/ControlRig/Content/Controls/ControlRig_Arrow2_1mm.uexp" 569
"../../../Engine/Plugins/Animation/ControlRig/Content/Controls/ControlRigXRayMaterial.uasset" 570
"../../../Engine/Plugins/Animation/ControlRig/Content/Controls/ControlRigXRayMaterial.uexp" 571
"../../../Engine/Plugins/Animation/ControlRig/Content/Controls/ControlRigGizmoMaterial.uasset" 572
"../../../Engine/Plugins/Animation/ControlRig/Content/Controls/ControlRigGizmoMaterial.uexp" 573
"../../../Engine/Content/EditorMaterials/Dataflow/DataflowVertexMaterial.uasset" 574
"../../../Engine/Content/EditorMaterials/Dataflow/DataflowVertexMaterial.uexp" 575
"../../../Engine/Content/EditorMaterials/Dataflow/DataflowTwoSidedVertexMaterial.uasset" 576
"../../../Engine/Content/EditorMaterials/Dataflow/DataflowTwoSidedVertexMaterial.uexp" 577
"../../../Engine/Content/EngineResources/FilmGrains/Marcie_Grain_v3_128_M2_000.uasset" 578
"../../../Engine/Content/EngineResources/FilmGrains/Marcie_Grain_v3_128_M2_000.uexp" 579
"../../../Engine/Content/EngineResources/Development/ZenLogo_64.uasset" 580
"../../../Engine/Content/EngineResources/Development/ZenLogo_64.uexp" 581
"../../../Engine/Content/EngineMaterials/LTC/Sheen_LTC.uasset" 582
"../../../Engine/Content/EngineMaterials/LTC/Sheen_LTC.uexp" 583
"../../../Engine/Content/EngineMaterials/LTC/GGX_LTCMat.uasset" 584
"../../../Engine/Content/EngineMaterials/LTC/GGX_LTCMat.uexp" 585
"../../../Engine/Content/EngineMaterials/LTC/GGX_LTCAmp.uasset" 586
"../../../Engine/Content/EngineMaterials/LTC/GGX_LTCAmp.uexp" 587
"../../../Engine/Content/EngineMaterials/EnergyConservation/Sheen_Energy.uasset" 588
"../../../Engine/Content/EngineMaterials/EnergyConservation/Sheen_Energy.uexp" 589
"../../../Engine/Content/EngineMaterials/EnergyConservation/SheenLegacy_Energy.uasset" 590
"../../../Engine/Content/EngineMaterials/EnergyConservation/SheenLegacy_Energy.uexp" 591
"../../../Engine/Content/EngineMaterials/EnergyConservation/GGX_TransmissionEnergyArray.uasset" 592
"../../../Engine/Content/EngineMaterials/EnergyConservation/GGX_TransmissionEnergyArray.uexp" 593
"../../../Engine/Content/EngineMaterials/EnergyConservation/GGX_ReflectionEnergy.uasset" 594
"../../../Engine/Content/EngineMaterials/EnergyConservation/GGX_ReflectionEnergy.uexp" 595
"../../../Engine/Content/EngineMaterials/EnergyConservation/Diffuse_Energy.uasset" 596
"../../../Engine/Content/EngineMaterials/EnergyConservation/Diffuse_Energy.uexp" 597
"../../../Engine/Content/EditorResources/SequenceRecorder/RecordingIndicator.uasset" 598
"../../../Engine/Content/EditorResources/SequenceRecorder/RecordingIndicator.uexp" 599
"../../../Engine/Content/EditorResources/SequenceRecorder/Countdown.uasset" 600
"../../../Engine/Content/EditorResources/SequenceRecorder/Countdown.uexp" 601
"../../../Engine/Content/EditorMaterials/Camera/CineMat.uasset" 602
"../../../Engine/Content/EditorMaterials/Camera/CineMat.uexp" 603
"../../../Engine/Content/EditorMaterials/Camera/MI_CineMat_Rig.uasset" 604
"../../../Engine/Content/EditorMaterials/Camera/MI_CineMat_Rig.uexp" 605
"../../../Engine/Content/EditorMeshes/Camera/SM_RailRig_Track.ubulk" 606
"../../../Engine/Content/EditorMeshes/Camera/SM_RailRig_Track.uasset" 607
"../../../Engine/Content/EditorMeshes/Camera/SM_RailRig_Track.uexp" 608
"../../../Engine/Content/EditorMeshes/Camera/SM_RailRig_Mount.ubulk" 609
"../../../Engine/Content/EditorMeshes/Camera/SM_RailRig_Mount.uasset" 610
"../../../Engine/Content/EditorMeshes/Camera/SM_RailRig_Mount.uexp" 611
"../../../Engine/Content/EditorMeshes/Camera/SM_CraneRig_Mount.ubulk" 612
"../../../Engine/Content/EditorMeshes/Camera/SM_CraneRig_Mount.uasset" 613
"../../../Engine/Content/EditorMeshes/Camera/SM_CraneRig_Mount.uexp" 614
"../../../Engine/Content/EditorMeshes/Camera/SM_CraneRig_Body.ubulk" 615
"../../../Engine/Content/EditorMeshes/Camera/SM_CraneRig_Body.uasset" 616
"../../../Engine/Content/EditorMeshes/Camera/SM_CraneRig_Body.uexp" 617
"../../../Engine/Content/EditorMeshes/Camera/SM_CraneRig_Base.ubulk" 618
"../../../Engine/Content/EditorMeshes/Camera/SM_CraneRig_Base.uasset" 619
"../../../Engine/Content/EditorMeshes/Camera/SM_CraneRig_Base.uexp" 620
"../../../Engine/Content/EditorMeshes/Camera/SM_CraneRig_Arm.ubulk" 621
"../../../Engine/Content/EditorMeshes/Camera/SM_CraneRig_Arm.uasset" 622
"../../../Engine/Content/EditorMeshes/Camera/SM_CraneRig_Arm.uexp" 623
"../../../Engine/Content/EditorMaterials/ParticleSystems/PSysThumbnail_OOD.ubulk" 624
"../../../Engine/Content/EditorMaterials/ParticleSystems/PSysThumbnail_OOD.uasset" 625
"../../../Engine/Content/EditorMaterials/ParticleSystems/PSysThumbnail_OOD.uexp" 626
"../../../Engine/Content/EditorMaterials/ParticleSystems/PSysThumbnail_NoImage.ubulk" 627
"../../../Engine/Content/EditorMaterials/ParticleSystems/PSysThumbnail_NoImage.uasset" 628
"../../../Engine/Content/EditorMaterials/ParticleSystems/PSysThumbnail_NoImage.uexp" 629
"../../../Engine/Content/VREditor/TransformGizmo/Xray.uasset" 630
"../../../Engine/Content/VREditor/TransformGizmo/Xray.uexp" 631
"../../../Engine/Content/VREditor/TransformGizmo/Main.uasset" 632
"../../../Engine/Content/VREditor/TransformGizmo/Main.uexp" 633
"../../../Engine/Content/VREditor/TransformGizmo/SM_Sequencer_Node.ubulk" 634
"../../../Engine/Content/VREditor/TransformGizmo/SM_Sequencer_Node.uasset" 635
"../../../Engine/Content/VREditor/TransformGizmo/SM_Sequencer_Node.uexp" 636
"../../../Engine/Content/VREditor/TransformGizmo/TranslucentTransformGizmoMaterial.uasset" 637
"../../../Engine/Content/VREditor/TransformGizmo/TranslucentTransformGizmoMaterial.uexp" 638
"../../../Engine/Content/VREditor/LaserPointer/VR_LaserPower_01.ubulk" 639
"../../../Engine/Content/VREditor/LaserPointer/VR_LaserPower_01.uasset" 640
"../../../Engine/Content/VREditor/LaserPointer/VR_LaserPower_01.uexp" 641
"../../../Engine/Content/VREditor/TransformGizmo/TransformGizmoMaterial.uasset" 642
"../../../Engine/Content/VREditor/TransformGizmo/TransformGizmoMaterial.uexp" 643
"../../../Engine/Content/VREditor/TransformGizmo/BoundingBoxEdge.ubulk" 644
"../../../Engine/Content/VREditor/TransformGizmo/BoundingBoxEdge.uasset" 645
"../../../Engine/Content/VREditor/TransformGizmo/BoundingBoxEdge.uexp" 646
"../../../Engine/Content/VREditor/TransformGizmo/BoundingBoxCorner.ubulk" 647
"../../../Engine/Content/VREditor/TransformGizmo/BoundingBoxCorner.uasset" 648
"../../../Engine/Content/VREditor/TransformGizmo/BoundingBoxCorner.uexp" 649
"../../../Engine/Plugins/Interchange/Assets/Content/gltf/Textures/T_White_srgb.uasset" 650
"../../../Engine/Plugins/Interchange/Assets/Content/gltf/Textures/T_White_srgb.uexp" 651
"../../../Engine/Plugins/Interchange/Assets/Content/gltf/MaterialFunctions/MF_BaseColor.uasset" 652
"../../../Engine/Plugins/Interchange/Assets/Content/gltf/MaterialFunctions/MF_BaseColor.uexp" 653
"../../../Engine/Plugins/Interchange/Assets/Content/gltf/MaterialFunctions/MF_RotateV2.uasset" 654
"../../../Engine/Plugins/Interchange/Assets/Content/gltf/MaterialFunctions/MF_RotateV2.uexp" 655
"../../../Engine/Plugins/Interchange/Assets/Content/gltf/MaterialFunctions/MF_TransformUVs.uasset" 656
"../../../Engine/Plugins/Interchange/Assets/Content/gltf/MaterialFunctions/MF_TransformUVs.uexp" 657
"../../../Engine/Plugins/Interchange/Assets/Content/gltf/MaterialBodies/MF_Unlit_Body.uasset" 658
"../../../Engine/Plugins/Interchange/Assets/Content/gltf/MaterialBodies/MF_Unlit_Body.uexp" 659
"../../../Engine/Plugins/Interchange/Assets/Content/gltf/M_Unlit.uasset" 660
"../../../Engine/Plugins/Interchange/Assets/Content/gltf/M_Unlit.uexp" 661
"../../../Engine/Plugins/Interchange/Assets/Content/gltf/MaterialInstances/MI_Unlit_Opaque_DS.uasset" 662
"../../../Engine/Plugins/Interchange/Assets/Content/gltf/MaterialInstances/MI_Unlit_Opaque_DS.uexp" 663
"../../../Engine/Plugins/Interchange/Assets/Content/gltf/MaterialInstances/MI_Unlit_Opaque.uasset" 664
"../../../Engine/Plugins/Interchange/Assets/Content/gltf/MaterialInstances/MI_Unlit_Opaque.uexp" 665
"../../../Engine/Plugins/Interchange/Assets/Content/gltf/MaterialInstances/MI_Unlit_Mask_DS.uasset" 666
"../../../Engine/Plugins/Interchange/Assets/Content/gltf/MaterialInstances/MI_Unlit_Mask_DS.uexp" 667
"../../../Engine/Plugins/Interchange/Assets/Content/gltf/MaterialInstances/MI_Unlit_Mask.uasset" 668
"../../../Engine/Plugins/Interchange/Assets/Content/gltf/MaterialInstances/MI_Unlit_Mask.uexp" 669
"../../../Engine/Plugins/Interchange/Assets/Content/gltf/MaterialInstances/MI_Unlit_Blend_DS.uasset" 670
"../../../Engine/Plugins/Interchange/Assets/Content/gltf/MaterialInstances/MI_Unlit_Blend_DS.uexp" 671
"../../../Engine/Plugins/Interchange/Assets/Content/gltf/MaterialInstances/MI_Unlit_Blend.uasset" 672
"../../../Engine/Plugins/Interchange/Assets/Content/gltf/MaterialInstances/MI_Unlit_Blend.uexp" 673
"../../../Engine/Content/EngineMaterials/Good64x64TilingNoiseHighFreq.uasset" 674
"../../../Engine/Content/EngineMaterials/Good64x64TilingNoiseHighFreq.uexp" 675
"../../../Engine/Content/Functions/Engine_MaterialFunctions02/Texturing/ScreenAlignedPixelToPixelUVs.uasset" 676
"../../../Engine/Content/Functions/Engine_MaterialFunctions02/Texturing/ScreenAlignedPixelToPixelUVs.uexp" 677
"../../../Engine/Plugins/Interchange/Assets/Content/Utilities/New_LUT.uasset" 678
"../../../Engine/Plugins/Interchange/Assets/Content/Utilities/New_LUT.uexp" 679
"../../../Engine/Content/Functions/Engine_MaterialFunctions03/Math/RemapValueRange.uasset" 680
"../../../Engine/Content/Functions/Engine_MaterialFunctions03/Math/RemapValueRange.uexp" 681
"../../../Engine/Plugins/Interchange/Assets/Content/Functions/MF_Iridescence.uasset" 682
"../../../Engine/Plugins/Interchange/Assets/Content/Functions/MF_Iridescence.uexp" 683
"../../../Engine/Plugins/Interchange/Assets/Content/gltf/MaterialFunctions/MF_Fresnel_DS.uasset" 684
"../../../Engine/Plugins/Interchange/Assets/Content/gltf/MaterialFunctions/MF_Fresnel_DS.uexp" 685
"../../../Engine/Plugins/Interchange/Assets/Content/gltf/MaterialFunctions/MF_IOR.uasset" 686
"../../../Engine/Plugins/Interchange/Assets/Content/gltf/MaterialFunctions/MF_IOR.uexp" 687
"../../../Engine/Plugins/Interchange/Assets/Content/gltf/MaterialFunctions/MF_Iridescence.uasset" 688
"../../../Engine/Plugins/Interchange/Assets/Content/gltf/MaterialFunctions/MF_Iridescence.uexp" 689
"../../../Engine/Plugins/Interchange/Assets/Content/gltf/Textures/T_White_Linear.uasset" 690
"../../../Engine/Plugins/Interchange/Assets/Content/gltf/Textures/T_White_Linear.uexp" 691
"../../../Engine/Plugins/Interchange/Assets/Content/gltf/MaterialFunctions/MF_MetallicRoughness.uasset" 692
"../../../Engine/Plugins/Interchange/Assets/Content/gltf/MaterialFunctions/MF_MetallicRoughness.uexp" 693
"../../../Engine/Content/Functions/Engine_MaterialFunctions02/Math/Transform3x3Matrix.uasset" 694
"../../../Engine/Content/Functions/Engine_MaterialFunctions02/Math/Transform3x3Matrix.uexp" 695
"../../../Engine/Plugins/Interchange/Assets/Content/gltf/MaterialFunctions/MF_RotateNormals_TS.uasset" 696
"../../../Engine/Plugins/Interchange/Assets/Content/gltf/MaterialFunctions/MF_RotateNormals_TS.uexp" 697
"../../../Engine/Plugins/Interchange/Assets/Content/gltf/MaterialFunctions/MF_ScaleNormal.uasset" 698
"../../../Engine/Plugins/Interchange/Assets/Content/gltf/MaterialFunctions/MF_ScaleNormal.uexp" 699
"../../../Engine/Plugins/Interchange/Assets/Content/gltf/Textures/T_Generic_N.uasset" 700
"../../../Engine/Plugins/Interchange/Assets/Content/gltf/Textures/T_Generic_N.uexp" 701
"../../../Engine/Plugins/Interchange/Assets/Content/gltf/MaterialFunctions/MF_Normals.uasset" 702
"../../../Engine/Plugins/Interchange/Assets/Content/gltf/MaterialFunctions/MF_Normals.uexp" 703
"../../../Engine/Plugins/Interchange/Assets/Content/gltf/MaterialFunctions/MF_Occlusion.uasset" 704
"../../../Engine/Plugins/Interchange/Assets/Content/gltf/MaterialFunctions/MF_Occlusion.uexp" 705
"../../../Engine/Plugins/Interchange/Assets/Content/gltf/MaterialFunctions/MF_Specular.uasset" 706
"../../../Engine/Plugins/Interchange/Assets/Content/gltf/MaterialFunctions/MF_Specular.uexp" 707
"../../../Engine/Plugins/Interchange/Assets/Content/gltf/Textures/T_Anisotropy_Direction_Linear.uasset" 708
"../../../Engine/Plugins/Interchange/Assets/Content/gltf/Textures/T_Anisotropy_Direction_Linear.uexp" 709
"../../../Engine/Plugins/Interchange/Assets/Content/gltf/MaterialFunctions/MF_SpecularAnisotropy.uasset" 710
"../../../Engine/Plugins/Interchange/Assets/Content/gltf/MaterialFunctions/MF_SpecularAnisotropy.uexp" 711
"../../../Engine/Plugins/Interchange/Assets/Content/gltf/MaterialFunctions/MF_Temporal_Blur.uasset" 712
"../../../Engine/Plugins/Interchange/Assets/Content/gltf/MaterialFunctions/MF_Temporal_Blur.uexp" 713
"../../../Engine/Plugins/Interchange/Assets/Content/gltf/MaterialFunctions/MF_Transmission.uasset" 714
"../../../Engine/Plugins/Interchange/Assets/Content/gltf/MaterialFunctions/MF_Transmission.uexp" 715
"../../../Engine/Plugins/Interchange/Assets/Content/gltf/MaterialBodies/MF_Transmission_Body.uasset" 716
"../../../Engine/Plugins/Interchange/Assets/Content/gltf/MaterialBodies/MF_Transmission_Body.uexp" 717
"../../../Engine/Plugins/Interchange/Assets/Content/gltf/M_Transmission.uasset" 718
"../../../Engine/Plugins/Interchange/Assets/Content/gltf/M_Transmission.uexp" 719
"../../../Engine/Plugins/Interchange/Assets/Content/gltf/MaterialInstances/MI_Transmission_DS.uasset" 720
"../../../Engine/Plugins/Interchange/Assets/Content/gltf/MaterialInstances/MI_Transmission_DS.uexp" 721
"../../../Engine/Plugins/Interchange/Assets/Content/gltf/MaterialInstances/MI_Transmission.uasset" 722
"../../../Engine/Plugins/Interchange/Assets/Content/gltf/MaterialInstances/MI_Transmission.uexp" 723
"../../../Engine/Content/Functions/Engine_MaterialFunctions02/Math/AddComponents.uasset" 724
"../../../Engine/Content/Functions/Engine_MaterialFunctions02/Math/AddComponents.uexp" 725
"../../../Engine/Plugins/Interchange/Assets/Content/gltf/MaterialFunctions/MF_DiffuseSpecGloss.uasset" 726
"../../../Engine/Plugins/Interchange/Assets/Content/gltf/MaterialFunctions/MF_DiffuseSpecGloss.uexp" 727
"../../../Engine/Plugins/Interchange/Assets/Content/gltf/MaterialFunctions/MF_Emissive.uasset" 728
"../../../Engine/Plugins/Interchange/Assets/Content/gltf/MaterialFunctions/MF_Emissive.uexp" 729
"../../../Engine/Plugins/Interchange/Assets/Content/gltf/MaterialFunctions/MF_MaxComponentValue.uasset" 730
"../../../Engine/Plugins/Interchange/Assets/Content/gltf/MaterialFunctions/MF_MaxComponentValue.uexp" 731
"../../../Engine/Plugins/Interchange/Assets/Content/gltf/MaterialFunctions/MF_PerceivedBrightness.uasset" 732
"../../../Engine/Plugins/Interchange/Assets/Content/gltf/MaterialFunctions/MF_PerceivedBrightness.uexp" 733
"../../../Engine/Plugins/Interchange/Assets/Content/gltf/MaterialFunctions/MF_SpecGlossToMetalRoughness.uasset" 734
"../../../Engine/Plugins/Interchange/Assets/Content/gltf/MaterialFunctions/MF_SpecGlossToMetalRoughness.uexp" 735
"../../../Engine/Plugins/Interchange/Assets/Content/gltf/MaterialBodies/MF_SpecularGlossiness_Body.uasset" 736
"../../../Engine/Plugins/Interchange/Assets/Content/gltf/MaterialBodies/MF_SpecularGlossiness_Body.uexp" 737
"../../../Engine/Plugins/Interchange/Assets/Content/gltf/M_SpecularGlossiness.uasset" 738
"../../../Engine/Plugins/Interchange/Assets/Content/gltf/M_SpecularGlossiness.uexp" 739
"../../../Engine/Plugins/Interchange/Assets/Content/gltf/MaterialInstances/MI_SpecularGlossiness_Opaque_DS.uasset" 740
"../../../Engine/Plugins/Interchange/Assets/Content/gltf/MaterialInstances/MI_SpecularGlossiness_Opaque_DS.uexp" 741
"../../../Engine/Plugins/Interchange/Assets/Content/gltf/MaterialInstances/MI_SpecularGlossiness_Opaque.uasset" 742
"../../../Engine/Plugins/Interchange/Assets/Content/gltf/MaterialInstances/MI_SpecularGlossiness_Opaque.uexp" 743
"../../../Engine/Plugins/Interchange/Assets/Content/gltf/MaterialInstances/MI_SpecularGlossiness_Mask_DS.uasset" 744
"../../../Engine/Plugins/Interchange/Assets/Content/gltf/MaterialInstances/MI_SpecularGlossiness_Mask_DS.uexp" 745
"../../../Engine/Plugins/Interchange/Assets/Content/gltf/MaterialInstances/MI_SpecularGlossiness_Mask.uasset" 746
"../../../Engine/Plugins/Interchange/Assets/Content/gltf/MaterialInstances/MI_SpecularGlossiness_Mask.uexp" 747
"../../../Engine/Plugins/Interchange/Assets/Content/gltf/MaterialInstances/MI_SpecularGlossiness_Blend_DS.uasset" 748
"../../../Engine/Plugins/Interchange/Assets/Content/gltf/MaterialInstances/MI_SpecularGlossiness_Blend_DS.uexp" 749
"../../../Engine/Plugins/Interchange/Assets/Content/gltf/MaterialInstances/MI_SpecularGlossiness_Blend.uasset" 750
"../../../Engine/Plugins/Interchange/Assets/Content/gltf/MaterialInstances/MI_SpecularGlossiness_Blend.uexp" 751
"../../../Engine/Plugins/Interchange/Assets/Content/gltf/MaterialFunctions/MF_Sheen.uasset" 752
"../../../Engine/Plugins/Interchange/Assets/Content/gltf/MaterialFunctions/MF_Sheen.uexp" 753
"../../../Engine/Plugins/Interchange/Assets/Content/gltf/MaterialBodies/MF_Sheen_Body.uasset" 754
"../../../Engine/Plugins/Interchange/Assets/Content/gltf/MaterialBodies/MF_Sheen_Body.uexp" 755
"../../../Engine/Plugins/Interchange/Assets/Content/gltf/M_Sheen.uasset" 756
"../../../Engine/Plugins/Interchange/Assets/Content/gltf/M_Sheen.uexp" 757
"../../../Engine/Plugins/Interchange/Assets/Content/gltf/MaterialInstances/MI_Sheen_Opaque_DS.uasset" 758
"../../../Engine/Plugins/Interchange/Assets/Content/gltf/MaterialInstances/MI_Sheen_Opaque_DS.uexp" 759
"../../../Engine/Plugins/Interchange/Assets/Content/gltf/MaterialInstances/MI_Sheen_Opaque.uasset" 760
"../../../Engine/Plugins/Interchange/Assets/Content/gltf/MaterialInstances/MI_Sheen_Opaque.uexp" 761
"../../../Engine/Plugins/Interchange/Assets/Content/gltf/MaterialInstances/MI_Sheen_Mask_DS.uasset" 762
"../../../Engine/Plugins/Interchange/Assets/Content/gltf/MaterialInstances/MI_Sheen_Mask_DS.uexp" 763
"../../../Engine/Plugins/Interchange/Assets/Content/gltf/MaterialInstances/MI_Sheen_Mask.uasset" 764
"../../../Engine/Plugins/Interchange/Assets/Content/gltf/MaterialInstances/MI_Sheen_Mask.uexp" 765
"../../../Engine/Plugins/Interchange/Assets/Content/gltf/MaterialInstances/MI_Sheen_Blend_DS.uasset" 766
"../../../Engine/Plugins/Interchange/Assets/Content/gltf/MaterialInstances/MI_Sheen_Blend_DS.uexp" 767
"../../../Engine/Plugins/Interchange/Assets/Content/gltf/MaterialInstances/MI_Sheen_Blend.uasset" 768
"../../../Engine/Plugins/Interchange/Assets/Content/gltf/MaterialInstances/MI_Sheen_Blend.uexp" 769
"../../../Engine/Plugins/Interchange/Assets/Content/gltf/MaterialBodies/MF_Default_Body.uasset" 770
"../../../Engine/Plugins/Interchange/Assets/Content/gltf/MaterialBodies/MF_Default_Body.uexp" 771
"../../../Engine/Plugins/Interchange/Assets/Content/gltf/M_Default.uasset" 772
"../../../Engine/Plugins/Interchange/Assets/Content/gltf/M_Default.uexp" 773
"../../../Engine/Plugins/Interchange/Assets/Content/gltf/MaterialInstances/MI_Default_Opaque_DS.uasset" 774
"../../../Engine/Plugins/Interchange/Assets/Content/gltf/MaterialInstances/MI_Default_Opaque_DS.uexp" 775
"../../../Engine/Plugins/Interchange/Assets/Content/gltf/MaterialInstances/MI_Default_Opaque.uasset" 776
"../../../Engine/Plugins/Interchange/Assets/Content/gltf/MaterialInstances/MI_Default_Opaque.uexp" 777
"../../../Engine/Plugins/Interchange/Assets/Content/gltf/MaterialInstances/MI_Default_Mask_DS.uasset" 778
"../../../Engine/Plugins/Interchange/Assets/Content/gltf/MaterialInstances/MI_Default_Mask_DS.uexp" 779
"../../../Engine/Plugins/Interchange/Assets/Content/gltf/MaterialInstances/MI_Default_Mask.uasset" 780
"../../../Engine/Plugins/Interchange/Assets/Content/gltf/MaterialInstances/MI_Default_Mask.uexp" 781
"../../../Engine/Plugins/Interchange/Assets/Content/gltf/MaterialInstances/MI_Default_Blend_DS.uasset" 782
"../../../Engine/Plugins/Interchange/Assets/Content/gltf/MaterialInstances/MI_Default_Blend_DS.uexp" 783
"../../../Engine/Plugins/Interchange/Assets/Content/gltf/MaterialInstances/MI_Default_Blend.uasset" 784
"../../../Engine/Plugins/Interchange/Assets/Content/gltf/MaterialInstances/MI_Default_Blend.uexp" 785
"../../../Engine/Content/Functions/Engine_MaterialFunctions01/Texturing/FlattenNormal.uasset" 786
"../../../Engine/Content/Functions/Engine_MaterialFunctions01/Texturing/FlattenNormal.uexp" 787
"../../../Engine/Plugins/Interchange/Assets/Content/gltf/MaterialFunctions/MF_Clearcoat.uasset" 788
"../../../Engine/Plugins/Interchange/Assets/Content/gltf/MaterialFunctions/MF_Clearcoat.uexp" 789
"../../../Engine/Plugins/Interchange/Assets/Content/gltf/MaterialBodies/MF_ClearCoat_Body.uasset" 790
"../../../Engine/Plugins/Interchange/Assets/Content/gltf/MaterialBodies/MF_ClearCoat_Body.uexp" 791
"../../../Engine/Plugins/Interchange/Assets/Content/gltf/M_ClearCoat.uasset" 792
"../../../Engine/Plugins/Interchange/Assets/Content/gltf/M_ClearCoat.uexp" 793
"../../../Engine/Plugins/Interchange/Assets/Content/gltf/MaterialInstances/MI_ClearCoat_Opaque_DS.uasset" 794
"../../../Engine/Plugins/Interchange/Assets/Content/gltf/MaterialInstances/MI_ClearCoat_Opaque_DS.uexp" 795
"../../../Engine/Plugins/Interchange/Assets/Content/gltf/MaterialInstances/MI_ClearCoat_Opaque.uasset" 796
"../../../Engine/Plugins/Interchange/Assets/Content/gltf/MaterialInstances/MI_ClearCoat_Opaque.uexp" 797
"../../../Engine/Plugins/Interchange/Assets/Content/gltf/MaterialInstances/MI_ClearCoat_Mask_DS.uasset" 798
"../../../Engine/Plugins/Interchange/Assets/Content/gltf/MaterialInstances/MI_ClearCoat_Mask_DS.uexp" 799
"../../../Engine/Plugins/Interchange/Assets/Content/gltf/MaterialInstances/MI_ClearCoat_Mask.uasset" 800
"../../../Engine/Plugins/Interchange/Assets/Content/gltf/MaterialInstances/MI_ClearCoat_Mask.uexp" 801
"../../../Engine/Plugins/Interchange/Assets/Content/gltf/MaterialInstances/MI_ClearCoat_Blend_DS.uasset" 802
"../../../Engine/Plugins/Interchange/Assets/Content/gltf/MaterialInstances/MI_ClearCoat_Blend_DS.uexp" 803
"../../../Engine/Plugins/Interchange/Assets/Content/gltf/MaterialInstances/MI_ClearCoat_Blend.uasset" 804
"../../../Engine/Plugins/Interchange/Assets/Content/gltf/MaterialInstances/MI_ClearCoat_Blend.uexp" 805
"../../../Engine/Content/ArtTools/RenderToTexture/Meshes/S_1_Unit_Plane.ubulk" 806
"../../../Engine/Content/ArtTools/RenderToTexture/Meshes/S_1_Unit_Plane.uasset" 807
"../../../Engine/Content/ArtTools/RenderToTexture/Meshes/S_1_Unit_Plane.uexp" 808
"../../../Engine/Content/EngineMaterials/Substrate/Volume/SubstrateSimpleVolumeLUT3D.uasset" 809
"../../../Engine/Content/EngineMaterials/Substrate/Volume/SubstrateSimpleVolumeLUT3D.uexp" 810
"../../../Engine/Content/EngineMaterials/Substrate/Volume/SubstrateSimpleVolumeEnvLUT3D.uasset" 811
"../../../Engine/Content/EngineMaterials/Substrate/Volume/SubstrateSimpleVolumeEnvLUT3D.uexp" 812
"../../../Engine/Content/EngineMaterials/Substrate/Glints2/AGlintTex2dArray2.uasset" 813
"../../../Engine/Content/EngineMaterials/Substrate/Glints2/AGlintTex2dArray2.uexp" 814
"../../../Engine/Content/EngineMaterials/Substrate/GLints/AGlintTex2dArray.uasset" 815
"../../../Engine/Content/EngineMaterials/Substrate/GLints/AGlintTex2dArray.uexp" 816
"../../../Engine/Content/Functions/Engine_MaterialFunctions01/Shading/PowerToRoughness.uasset" 817
"../../../Engine/Content/Functions/Engine_MaterialFunctions01/Shading/PowerToRoughness.uexp" 818
"../../../Engine/Content/Functions/Engine_MaterialFunctions01/Shading/ConvertFromDiffSpec.uasset" 819
"../../../Engine/Content/Functions/Engine_MaterialFunctions01/Shading/ConvertFromDiffSpec.uexp" 820
"../../../Engine/Content/EngineResources/LandscapeVisibilityLayerInfo.uasset" 821
"../../../Engine/Content/EngineResources/LandscapeVisibilityLayerInfo.uexp" 822
"../../../Engine/Content/VREditor/TransformGizmo/TranslucentTransformGizmoMaterial_Inst.uasset" 823
"../../../Engine/Content/VREditor/TransformGizmo/TranslucentTransformGizmoMaterial_Inst.uexp" 824
"../../../Engine/Content/VREditor/TransformGizmo/TransformGizmoMaterial_Inst.uasset" 825
"../../../Engine/Content/VREditor/TransformGizmo/TransformGizmoMaterial_Inst.uexp" 826
"../../../Engine/Content/VREditor/Sounds/UI/Drop_Item_From_ContentBrowser.ubulk" 827
"../../../Engine/Content/VREditor/Sounds/UI/Drop_Item_From_ContentBrowser.uasset" 828
"../../../Engine/Content/VREditor/Sounds/UI/Drop_Item_From_ContentBrowser.uexp" 829
"../../../Engine/Content/VREditor/TransformGizmo/UniformScaleHandle.ubulk" 830
"../../../Engine/Content/VREditor/TransformGizmo/UniformScaleHandle.uasset" 831
"../../../Engine/Content/VREditor/TransformGizmo/UniformScaleHandle.uexp" 832
"../../../Engine/Content/VREditor/TransformGizmo/TranslateArrowHandle.ubulk" 833
"../../../Engine/Content/VREditor/TransformGizmo/TranslateArrowHandle.uasset" 834
"../../../Engine/Content/VREditor/TransformGizmo/TranslateArrowHandle.uexp" 835
"../../../Engine/Content/VREditor/TransformGizmo/TransformGizmoFreeRotation.ubulk" 836
"../../../Engine/Content/VREditor/TransformGizmo/TransformGizmoFreeRotation.uasset" 837
"../../../Engine/Content/VREditor/TransformGizmo/TransformGizmoFreeRotation.uexp" 838
"../../../Engine/Content/VREditor/TransformGizmo/StartRotationHandleIndicator.ubulk" 839
"../../../Engine/Content/VREditor/TransformGizmo/StartRotationHandleIndicator.uasset" 840
"../../../Engine/Content/VREditor/TransformGizmo/StartRotationHandleIndicator.uexp" 841
"../../../Engine/Content/VREditor/TransformGizmo/RotationHandleQuarter.ubulk" 842
"../../../Engine/Content/VREditor/TransformGizmo/RotationHandleQuarter.uasset" 843
"../../../Engine/Content/VREditor/TransformGizmo/RotationHandleQuarter.uexp" 844
"../../../Engine/Content/Functions/Engine_MaterialFunctions02/SplitComponents.uasset" 845
"../../../Engine/Content/Functions/Engine_MaterialFunctions02/SplitComponents.uexp" 846
"../../../Engine/Content/VREditor/SnapGrid/SnapGridMaterial.uasset" 847
"../../../Engine/Content/VREditor/SnapGrid/SnapGridMaterial.uexp" 848
"../../../Engine/Content/VREditor/SnapGrid/SnapGridPlaneMesh.ubulk" 849
"../../../Engine/Content/VREditor/SnapGrid/SnapGridPlaneMesh.uasset" 850
"../../../Engine/Content/VREditor/SnapGrid/SnapGridPlaneMesh.uexp" 851
"../../../Engine/Content/VREditor/Sounds/UI/Gizmo_Handle_Clicked.ubulk" 852
"../../../Engine/Content/VREditor/Sounds/UI/Gizmo_Handle_Clicked.uasset" 853
"../../../Engine/Content/VREditor/Sounds/UI/Gizmo_Handle_Clicked.uexp" 854
"../../../Engine/Content/VREditor/Sounds/UI/Object_PickUp.ubulk" 855
"../../../Engine/Content/VREditor/Sounds/UI/Object_PickUp.uasset" 856
"../../../Engine/Content/VREditor/Sounds/UI/Object_PickUp.uexp" 857
"../../../Engine/Content/VREditor/Sounds/UI/Object_Snaps_To_Another_Actor.ubulk" 858
"../../../Engine/Content/VREditor/Sounds/UI/Object_Snaps_To_Another_Actor.uasset" 859
"../../../Engine/Content/VREditor/Sounds/UI/Object_Snaps_To_Another_Actor.uexp" 860
"../../../Engine/Content/VREditor/Sounds/UI/Object_Snaps_To_Grid.ubulk" 861
"../../../Engine/Content/VREditor/Sounds/UI/Object_Snaps_To_Grid.uasset" 862
"../../../Engine/Content/VREditor/Sounds/UI/Object_Snaps_To_Grid.uexp" 863
"../../../Engine/Content/VREditor/Sounds/UI/Scaling_Down.ubulk" 864
"../../../Engine/Content/VREditor/Sounds/UI/Scaling_Down.uasset" 865
"../../../Engine/Content/VREditor/Sounds/UI/Scaling_Down.uexp" 866
"../../../Engine/Content/VREditor/Sounds/UI/Scaling_Up.ubulk" 867
"../../../Engine/Content/VREditor/Sounds/UI/Scaling_Up.uasset" 868
"../../../Engine/Content/VREditor/Sounds/UI/Scaling_Up.uexp" 869
"../../../Engine/Content/VREditor/Sounds/UI/Selection_Changes.ubulk" 870
"../../../Engine/Content/VREditor/Sounds/UI/Selection_Changes.uasset" 871
"../../../Engine/Content/VREditor/Sounds/UI/Selection_Changes.uexp" 872
"../../../Engine/Content/VREditor/TransformGizmo/PlaneTranslationHandle.ubulk" 873
"../../../Engine/Content/VREditor/TransformGizmo/PlaneTranslationHandle.uasset" 874
"../../../Engine/Content/VREditor/TransformGizmo/PlaneTranslationHandle.uexp" 875
"../../../Engine/Content/VREditor/TransformGizmo/RotationHandleFull.ubulk" 876
"../../../Engine/Content/VREditor/TransformGizmo/RotationHandleFull.uasset" 877
"../../../Engine/Content/VREditor/TransformGizmo/RotationHandleFull.uexp" 878
"../../../Engine/Content/VREditor/TransformGizmo/RotationHandleIndicator.ubulk" 879
"../../../Engine/Content/VREditor/TransformGizmo/RotationHandleIndicator.uasset" 880
"../../../Engine/Content/VREditor/TransformGizmo/RotationHandleIndicator.uexp" 881
"../../../Engine/Plugins/Animation/DeformerGraph/Content/DeformerFunctions/DG_Function_LinearBlendSkin_Morph_Cloth.uasset" 882
"../../../Engine/Plugins/Animation/DeformerGraph/Content/DeformerFunctions/DG_Function_LinearBlendSkin_Morph_Cloth.uexp" 883
"../../../Engine/Plugins/Animation/DeformerGraph/Content/Deformers/DG_LinearBlendSkin_Morph_Cloth.uasset" 884
"../../../Engine/Plugins/Animation/DeformerGraph/Content/Deformers/DG_LinearBlendSkin_Morph_Cloth.uexp" 885
"../../../Engine/Plugins/Animation/DeformerGraph/Content/DeformerFunctions/DG_Function_LinearBlendSkin_Morph_Cloth_PositionOnly.uasset" 886
"../../../Engine/Plugins/Animation/DeformerGraph/Content/DeformerFunctions/DG_Function_LinearBlendSkin_Morph_Cloth_PositionOnly.uexp" 887
"../../../Engine/Plugins/Animation/DeformerGraph/Content/DeformerFunctions/DG_Function_ComputeNormalsTangents.uasset" 888
"../../../Engine/Plugins/Animation/DeformerGraph/Content/DeformerFunctions/DG_Function_ComputeNormalsTangents.uexp" 889
"../../../Engine/Plugins/Animation/DeformerGraph/Content/Deformers/DG_LinearBlendSkin_Morph_Cloth_RecomputeNormals.uasset" 890
"../../../Engine/Plugins/Animation/DeformerGraph/Content/Deformers/DG_LinearBlendSkin_Morph_Cloth_RecomputeNormals.uexp" 891
"../../../Engine/Content/Maps/Entry_BuiltData.uasset" 892
"../../../Engine/Content/Maps/Entry_BuiltData.uexp" 893
"../../../Engine/Content/Maps/Entry.uexp" 894
"../../../Engine/Content/Maps/Entry.umap" 895
"../../../Engine/Plugins/2D/Paper2D/Content/TranslucentUnlitSpriteMaterial.uasset" 896
"../../../Engine/Plugins/2D/Paper2D/Content/TranslucentUnlitSpriteMaterial.uexp" 897
"C:/Users/Xande/Documents/GitHub/FishTowerDefenseGame/Content/MyContent/Tilemaps/Textures/WaterTiles_2x2.ubulk" 898
"C:/Users/Xande/Documents/GitHub/FishTowerDefenseGame/Content/MyContent/Tilemaps/Textures/WaterTiles_2x2.uasset" 899
"C:/Users/Xande/Documents/GitHub/FishTowerDefenseGame/Content/MyContent/Tilemaps/Textures/WaterTiles_2x2.uexp" 900
"C:/Users/Xande/Documents/GitHub/FishTowerDefenseGame/Content/MyContent/Tilemaps/TileSet/WaterTiles_2x2_TileSet.uasset" 901
"C:/Users/Xande/Documents/GitHub/FishTowerDefenseGame/Content/MyContent/Tilemaps/TileSet/WaterTiles_2x2_TileSet.uexp" 902
"C:/Users/Xande/Documents/GitHub/FishTowerDefenseGame/Content/MyContent/Tilemaps/Textures/MainTiles_3x3.uasset" 903
"C:/Users/Xande/Documents/GitHub/FishTowerDefenseGame/Content/MyContent/Tilemaps/Textures/MainTiles_3x3.uexp" 904
"C:/Users/Xande/Documents/GitHub/FishTowerDefenseGame/Content/MyContent/Tilemaps/TileSet/MainTiles_3x3_TileSet.uasset" 905
"C:/Users/Xande/Documents/GitHub/FishTowerDefenseGame/Content/MyContent/Tilemaps/TileSet/MainTiles_3x3_TileSet.uexp" 906
"C:/Users/Xande/Documents/GitHub/FishTowerDefenseGame/Content/MyContent/Tilemaps/Textures/CornerTiles_2x2.ubulk" 907
"C:/Users/Xande/Documents/GitHub/FishTowerDefenseGame/Content/MyContent/Tilemaps/Textures/CornerTiles_2x2.uasset" 908
"C:/Users/Xande/Documents/GitHub/FishTowerDefenseGame/Content/MyContent/Tilemaps/Textures/CornerTiles_2x2.uexp" 909
"C:/Users/Xande/Documents/GitHub/FishTowerDefenseGame/Content/MyContent/Tilemaps/TileSet/CornerTiles_2x2_TileSet.uasset" 910
"C:/Users/Xande/Documents/GitHub/FishTowerDefenseGame/Content/MyContent/Tilemaps/TileSet/CornerTiles_2x2_TileSet.uexp" 911
"C:/Users/Xande/Documents/GitHub/FishTowerDefenseGame/Content/MyContent/Tilemaps/MainTiles.uasset" 912
"C:/Users/Xande/Documents/GitHub/FishTowerDefenseGame/Content/MyContent/Tilemaps/MainTiles.uexp" 913
"C:/Users/Xande/Documents/GitHub/FishTowerDefenseGame/Content/MyContent/Assets/Fish/Cat_Fish.ubulk" 914
"C:/Users/Xande/Documents/GitHub/FishTowerDefenseGame/Content/MyContent/Assets/Fish/Cat_Fish.uasset" 915
"C:/Users/Xande/Documents/GitHub/FishTowerDefenseGame/Content/MyContent/Assets/Fish/Cat_Fish.uexp" 916
"C:/Users/Xande/Documents/GitHub/FishTowerDefenseGame/Content/MyContent/Sprites/Cat_Fish_Sprite.uasset" 917
"C:/Users/Xande/Documents/GitHub/FishTowerDefenseGame/Content/MyContent/Sprites/Cat_Fish_Sprite.uexp" 918
"C:/Users/Xande/Documents/GitHub/FishTowerDefenseGame/Content/MyContent/Sprites/New_Piskel-1_png.uasset" 919
"C:/Users/Xande/Documents/GitHub/FishTowerDefenseGame/Content/MyContent/Sprites/New_Piskel-1_png.uexp" 920
"C:/Users/Xande/Documents/GitHub/FishTowerDefenseGame/Content/MyContent/Sprites/New_Piskel-1_png_Sprite.uasset" 921
"C:/Users/Xande/Documents/GitHub/FishTowerDefenseGame/Content/MyContent/Sprites/New_Piskel-1_png_Sprite.uexp" 922
"C:/Users/Xande/Documents/GitHub/FishTowerDefenseGame/Content/MyContent/Blueprints/FishSpline.uasset" 923
"C:/Users/Xande/Documents/GitHub/FishTowerDefenseGame/Content/MyContent/Blueprints/FishSpline.uexp" 924
"C:/Users/Xande/Documents/GitHub/FishTowerDefenseGame/Content/MyContent/Blueprints/FishBase.uasset" 925
"C:/Users/Xande/Documents/GitHub/FishTowerDefenseGame/Content/MyContent/Blueprints/FishBase.uexp" 926
"C:/Users/Xande/Documents/GitHub/FishTowerDefenseGame/Content/MyContent/Assets/Fish/Cat_Fish_Mat.uasset" 927
"C:/Users/Xande/Documents/GitHub/FishTowerDefenseGame/Content/MyContent/Assets/Fish/Cat_Fish_Mat.uexp" 928
"C:/Users/Xande/Documents/GitHub/FishTowerDefenseGame/Content/MyContent/Blueprints/Enemies/CatFish.uasset" 929
"C:/Users/Xande/Documents/GitHub/FishTowerDefenseGame/Content/MyContent/Blueprints/Enemies/CatFish.uexp" 930
"C:/Users/Xande/Documents/GitHub/FishTowerDefenseGame/Content/MyContent/Assets/Fish/Eel_Fish.ubulk" 931
"C:/Users/Xande/Documents/GitHub/FishTowerDefenseGame/Content/MyContent/Assets/Fish/Eel_Fish.uasset" 932
"C:/Users/Xande/Documents/GitHub/FishTowerDefenseGame/Content/MyContent/Assets/Fish/Eel_Fish.uexp" 933
"C:/Users/Xande/Documents/GitHub/FishTowerDefenseGame/Content/MyContent/Sprites/Eel_Fish_Sprite.uasset" 934
"C:/Users/Xande/Documents/GitHub/FishTowerDefenseGame/Content/MyContent/Sprites/Eel_Fish_Sprite.uexp" 935
"C:/Users/Xande/Documents/GitHub/FishTowerDefenseGame/Content/MyContent/Assets/Fish/Eel_Fish_Mat.uasset" 936
"C:/Users/Xande/Documents/GitHub/FishTowerDefenseGame/Content/MyContent/Assets/Fish/Eel_Fish_Mat.uexp" 937
"C:/Users/Xande/Documents/GitHub/FishTowerDefenseGame/Content/MyContent/Blueprints/Enemies/Eel.uasset" 938
"C:/Users/Xande/Documents/GitHub/FishTowerDefenseGame/Content/MyContent/Blueprints/Enemies/Eel.uexp" 939
"C:/Users/Xande/Documents/GitHub/FishTowerDefenseGame/Content/MyContent/Assets/Fish/Sheepshead_Fish.ubulk" 940
"C:/Users/Xande/Documents/GitHub/FishTowerDefenseGame/Content/MyContent/Assets/Fish/Sheepshead_Fish.uasset" 941
"C:/Users/Xande/Documents/GitHub/FishTowerDefenseGame/Content/MyContent/Assets/Fish/Sheepshead_Fish.uexp" 942
"C:/Users/Xande/Documents/GitHub/FishTowerDefenseGame/Content/MyContent/Sprites/Sheepshead_Fish_Sprite.uasset" 943
"C:/Users/Xande/Documents/GitHub/FishTowerDefenseGame/Content/MyContent/Sprites/Sheepshead_Fish_Sprite.uexp" 944
"C:/Users/Xande/Documents/GitHub/FishTowerDefenseGame/Content/MyContent/Assets/Fish/Sheepshead_Fish_Mat.uasset" 945
"C:/Users/Xande/Documents/GitHub/FishTowerDefenseGame/Content/MyContent/Assets/Fish/Sheepshead_Fish_Mat.uexp" 946
"C:/Users/Xande/Documents/GitHub/FishTowerDefenseGame/Content/MyContent/Blueprints/Enemies/SheepsHead.uasset" 947
"C:/Users/Xande/Documents/GitHub/FishTowerDefenseGame/Content/MyContent/Blueprints/Enemies/SheepsHead.uexp" 948
"C:/Users/Xande/Documents/GitHub/FishTowerDefenseGame/Content/MyContent/Blueprints/EnemySpawner.uasset" 949
"C:/Users/Xande/Documents/GitHub/FishTowerDefenseGame/Content/MyContent/Blueprints/EnemySpawner.uexp" 950
"C:/Users/Xande/Documents/GitHub/FishTowerDefenseGame/Content/MyContent/Assets/Fishermen/fisher.uasset" 951
"C:/Users/Xande/Documents/GitHub/FishTowerDefenseGame/Content/MyContent/Assets/Fishermen/fisher.uexp" 952
"C:/Users/Xande/Documents/GitHub/FishTowerDefenseGame/Content/MyContent/Sprites/FlyFisher_Sprite.uasset" 953
"C:/Users/Xande/Documents/GitHub/FishTowerDefenseGame/Content/MyContent/Sprites/FlyFisher_Sprite.uexp" 954
"C:/Users/Xande/Documents/GitHub/FishTowerDefenseGame/Content/MyContent/Assets/Fishermen/OldFisher.uasset" 955
"C:/Users/Xande/Documents/GitHub/FishTowerDefenseGame/Content/MyContent/Assets/Fishermen/OldFisher.uexp" 956
"C:/Users/Xande/Documents/GitHub/FishTowerDefenseGame/Content/MyContent/Sprites/BottomFisher_Sprite.uasset" 957
"C:/Users/Xande/Documents/GitHub/FishTowerDefenseGame/Content/MyContent/Sprites/BottomFisher_Sprite.uexp" 958
"C:/Users/Xande/Documents/GitHub/FishTowerDefenseGame/Content/MyContent/Blueprints/Towers/FishermanSprite.uasset" 959
"C:/Users/Xande/Documents/GitHub/FishTowerDefenseGame/Content/MyContent/Blueprints/Towers/FishermanSprite.uexp" 960
"C:/Users/Xande/Documents/GitHub/FishTowerDefenseGame/Content/MyContent/Blueprints/BPC_Grid.uasset" 961
"C:/Users/Xande/Documents/GitHub/FishTowerDefenseGame/Content/MyContent/Blueprints/BPC_Grid.uexp" 962
"C:/Users/Xande/Documents/GitHub/FishTowerDefenseGame/Content/MyContent/Blueprints/Towers/Base_FishermanClass.uasset" 963
"C:/Users/Xande/Documents/GitHub/FishTowerDefenseGame/Content/MyContent/Blueprints/Towers/Base_FishermanClass.uexp" 964
"C:/Users/Xande/Documents/GitHub/FishTowerDefenseGame/Content/MyContent/Blueprints/TowerDefensePlayerController.uasset" 965
"C:/Users/Xande/Documents/GitHub/FishTowerDefenseGame/Content/MyContent/Blueprints/TowerDefensePlayerController.uexp" 966
"C:/Users/Xande/Documents/GitHub/FishTowerDefenseGame/Content/MyContent/Sprites/New_Piskel-1_png__1_.uasset" 967
"C:/Users/Xande/Documents/GitHub/FishTowerDefenseGame/Content/MyContent/Sprites/New_Piskel-1_png__1_.uexp" 968
"C:/Users/Xande/Documents/GitHub/FishTowerDefenseGame/Content/MyContent/Sprites/New_Piskel-1_png__1__Sprite.uasset" 969
"C:/Users/Xande/Documents/GitHub/FishTowerDefenseGame/Content/MyContent/Sprites/New_Piskel-1_png__1__Sprite.uexp" 970
"C:/Users/Xande/Documents/GitHub/FishTowerDefenseGame/Content/MyContent/Blueprints/Towers/Base_RodFisherman.uasset" 971
"C:/Users/Xande/Documents/GitHub/FishTowerDefenseGame/Content/MyContent/Blueprints/Towers/Base_RodFisherman.uexp" 972
"C:/Users/Xande/Documents/GitHub/FishTowerDefenseGame/Content/MyContent/Assets/Fish/OldFisher.uasset" 973
"C:/Users/Xande/Documents/GitHub/FishTowerDefenseGame/Content/MyContent/Assets/Fish/OldFisher.uexp" 974
"C:/Users/Xande/Documents/GitHub/FishTowerDefenseGame/Content/MyContent/Assets/Fishermen/OldFisherman_Mat.uasset" 975
"C:/Users/Xande/Documents/GitHub/FishTowerDefenseGame/Content/MyContent/Assets/Fishermen/OldFisherman_Mat.uexp" 976
"C:/Users/Xande/Documents/GitHub/FishTowerDefenseGame/Content/MyContent/Blueprints/Towers/BottomFisher.uasset" 977
"C:/Users/Xande/Documents/GitHub/FishTowerDefenseGame/Content/MyContent/Blueprints/Towers/BottomFisher.uexp" 978
"C:/Users/Xande/Documents/GitHub/FishTowerDefenseGame/Content/MyContent/Assets/Fish/fisher.uasset" 979
"C:/Users/Xande/Documents/GitHub/FishTowerDefenseGame/Content/MyContent/Assets/Fish/fisher.uexp" 980
"C:/Users/Xande/Documents/GitHub/FishTowerDefenseGame/Content/MyContent/Assets/Fishermen/fisher_Mat.uasset" 981
"C:/Users/Xande/Documents/GitHub/FishTowerDefenseGame/Content/MyContent/Assets/Fishermen/fisher_Mat.uexp" 982
"C:/Users/Xande/Documents/GitHub/FishTowerDefenseGame/Content/MyContent/Blueprints/Towers/FlyFisher.uasset" 983
"C:/Users/Xande/Documents/GitHub/FishTowerDefenseGame/Content/MyContent/Blueprints/Towers/FlyFisher.uexp" 984
"C:/Users/Xande/Documents/GitHub/FishTowerDefenseGame/Content/MyContent/Blueprints/GameHUD.uasset" 985
"C:/Users/Xande/Documents/GitHub/FishTowerDefenseGame/Content/MyContent/Blueprints/GameHUD.uexp" 986
"C:/Users/Xande/Documents/GitHub/FishTowerDefenseGame/Content/MyContent/Blueprints/TowerDefenseGamemode.uasset" 987
"C:/Users/Xande/Documents/GitHub/FishTowerDefenseGame/Content/MyContent/Blueprints/TowerDefenseGamemode.uexp" 988
"C:/Users/Xande/Documents/GitHub/FishTowerDefenseGame/Content/MyContent/Levels/River_Level1.uexp" 989
"C:/Users/Xande/Documents/GitHub/FishTowerDefenseGame/Content/MyContent/Levels/River_Level1.umap" 990
"C:/Users/Xande/Documents/GitHub/FishTowerDefenseGame/Content/MyContent/Assets/UI/MainMenu/Buttons/Start/start_hover.uasset" 991
"C:/Users/Xande/Documents/GitHub/FishTowerDefenseGame/Content/MyContent/Assets/UI/MainMenu/Buttons/Start/start_hover.uexp" 992
"C:/Users/Xande/Documents/GitHub/FishTowerDefenseGame/Content/MyContent/Assets/UI/MainMenu/Buttons/Start/start_click.uasset" 993
"C:/Users/Xande/Documents/GitHub/FishTowerDefenseGame/Content/MyContent/Assets/UI/MainMenu/Buttons/Start/start_click.uexp" 994
"C:/Users/Xande/Documents/GitHub/FishTowerDefenseGame/Content/MyContent/Assets/UI/MainMenu/Buttons/Start/start_button.uasset" 995
"C:/Users/Xande/Documents/GitHub/FishTowerDefenseGame/Content/MyContent/Assets/UI/MainMenu/Buttons/Start/start_button.uexp" 996
"C:/Users/Xande/Documents/GitHub/FishTowerDefenseGame/Content/MyContent/Assets/UI/MainMenu/Buttons/Quit/quit_hover.uasset" 997
"C:/Users/Xande/Documents/GitHub/FishTowerDefenseGame/Content/MyContent/Assets/UI/MainMenu/Buttons/Quit/quit_hover.uexp" 998
"C:/Users/Xande/Documents/GitHub/FishTowerDefenseGame/Content/MyContent/Assets/UI/MainMenu/Buttons/Quit/quit_click.uasset" 999
"C:/Users/Xande/Documents/GitHub/FishTowerDefenseGame/Content/MyContent/Assets/UI/MainMenu/Buttons/Quit/quit_click.uexp" 1000
"C:/Users/Xande/Documents/GitHub/FishTowerDefenseGame/Content/MyContent/Assets/UI/MainMenu/Buttons/Quit/quit_button.uasset" 1001
"C:/Users/Xande/Documents/GitHub/FishTowerDefenseGame/Content/MyContent/Assets/UI/MainMenu/Buttons/Quit/quit_button.uexp" 1002
"C:/Users/Xande/Documents/GitHub/FishTowerDefenseGame/Content/MyContent/Assets/UI/MainMenu/background_horizontal.uasset" 1003
"C:/Users/Xande/Documents/GitHub/FishTowerDefenseGame/Content/MyContent/Assets/UI/MainMenu/background_horizontal.uexp" 1004
"C:/Users/Xande/Documents/GitHub/FishTowerDefenseGame/Content/MyContent/Assets/UI/MainMenu/Buttons/Settings/settings_puffer_fish.uasset" 1005
"C:/Users/Xande/Documents/GitHub/FishTowerDefenseGame/Content/MyContent/Assets/UI/MainMenu/Buttons/Settings/settings_puffer_fish.uexp" 1006
"C:/Users/Xande/Documents/GitHub/FishTowerDefenseGame/Content/MyContent/Assets/UI/MainMenu/Buttons/Shop/shop_net.uasset" 1007
"C:/Users/Xande/Documents/GitHub/FishTowerDefenseGame/Content/MyContent/Assets/UI/MainMenu/Buttons/Shop/shop_net.uexp" 1008
"C:/Users/Xande/Documents/GitHub/FishTowerDefenseGame/Content/MyContent/Assets/UI/MainMenu/Title/TA_Title.uasset" 1009
"C:/Users/Xande/Documents/GitHub/FishTowerDefenseGame/Content/MyContent/Assets/UI/MainMenu/Title/TA_Title.uexp" 1010
"C:/Users/Xande/Documents/GitHub/FishTowerDefenseGame/Content/MyContent/Assets/UI/MainMenu/Title/TA_Title_Mat.uasset" 1011
"C:/Users/Xande/Documents/GitHub/FishTowerDefenseGame/Content/MyContent/Assets/UI/MainMenu/Title/TA_Title_Mat.uexp" 1012
"C:/Users/Xande/Documents/GitHub/FishTowerDefenseGame/Content/MyContent/Assets/UI/MainMenu/MainMenu_WB.uasset" 1013
"C:/Users/Xande/Documents/GitHub/FishTowerDefenseGame/Content/MyContent/Assets/UI/MainMenu/MainMenu_WB.uexp" 1014
"C:/Users/Xande/Documents/GitHub/FishTowerDefenseGame/Content/MyContent/Assets/UI/GameMode/MainMenuGameMode.uasset" 1015
"C:/Users/Xande/Documents/GitHub/FishTowerDefenseGame/Content/MyContent/Assets/UI/GameMode/MainMenuGameMode.uexp" 1016
"C:/Users/Xande/Documents/GitHub/FishTowerDefenseGame/Content/MyContent/Levels/MainMenuMap.uexp" 1017
"C:/Users/Xande/Documents/GitHub/FishTowerDefenseGame/Content/MyContent/Levels/MainMenuMap.umap" 1018
